0.8200 	WARNING 	We strongly recommend you activate the PTB sound engine in PsychoPy prefs as the preferred audio engine. Its timing is vastly superior. Your prefs are currently set to use ['sounddevice', 'PTB', 'pyo', 'pygame'] (in that order).
5.2249 	WARNING 	User requested fullscreen with size [1024  768], but screen is actually [1440, 900]. Using actual size
8.0402 	WARNING 	Couldn't measure a consistent frame rate.
  - Is your graphics card set to sync to vertical blank?
  - Are you running other processes on your computer?

8.0412 	EXP 	Created window1 = Window(allowGUI=False, allowStencil=False, autoLog=True, backendConf=UNKNOWN, bitsMode=UNKNOWN, blendMode='avg', bpc=(8, 8, 8), color=array([0, 0, 0]), colorSpace='rgb', depthBits=8, fullscr=<method-wrapper '__getattribute__' of attributeSetter object at 0x7f86f9773a58>, gamma=None, gammaErrorPolicy='raise', lms=UNKNOWN, monitor=<psychopy.monitors.calibTools.Monitor object at 0x7f86f9697400>, multiSample=False, name='window1', numSamples=2, pos=[360.0, 225.0], screen=0, size=array([2880, 1800]), stencilBits=0, stereo=False, units='height', useFBO=True, useRetina=True, viewOri=0.0, viewPos=None, viewScale=None, waitBlanking=True, winType='pyglet')
8.0417 	EXP 	window1: mouseVisible = True
8.0418 	EXP 	window1: recordFrameIntervals = False
8.2578 	EXP 	window1: recordFrameIntervals = True
8.2986 	WARNING 	t of last frame was 20.96ms (=1/47)
8.3227 	WARNING 	t of last frame was 24.08ms (=1/41)
8.3456 	WARNING 	t of last frame was 22.86ms (=1/43)
8.3721 	WARNING 	t of last frame was 26.53ms (=1/37)
8.3922 	WARNING 	Multiple dropped frames have occurred - I'll stop bothering you about them!
10.4600 	WARNING 	Couldn't measure a consistent frame rate.
  - Is your graphics card set to sync to vertical blank?
  - Are you running other processes on your computer?

12.0280 	EXP 	Created uprighttangle = Rect(__class__=<class 'psychopy.visual.rect.Rect'>, autoDraw=False, autoLog=True, closeShape=True, color=method-wrapper(...), colorSpace='rgb', contrast=None, depth=0.0, fillColor=array([1, 1, 1]), fillColorSpace='rgb', fillRGB=array([1, 1, 1]), interpolate=True, lineColor=array([1., 1., 1.]), lineColorSpace='rgb', lineRGB=array([1, 1, 1]), lineWidth=1.0, name='uprighttangle', opacity=1.0, ori=0.0, pos=array([0.2, 0.2]), size=array([0.1, 0.1]), units='height', vertices=ndarray(...), win=Window(...))
12.0300 	EXP 	Created downrighttangle = Rect(__class__=<class 'psychopy.visual.rect.Rect'>, autoDraw=False, autoLog=True, closeShape=True, color=method-wrapper(...), colorSpace='rgb', contrast=None, depth=-1.0, fillColor=array([1, 1, 1]), fillColorSpace='rgb', fillRGB=array([1, 1, 1]), interpolate=True, lineColor=array([1., 1., 1.]), lineColorSpace='rgb', lineRGB=array([1, 1, 1]), lineWidth=1.0, name='downrighttangle', opacity=1.0, ori=0.0, pos=array([ 0.2, -0.2]), size=array([0.1, 0.1]), units='height', vertices=ndarray(...), win=Window(...))
12.0321 	EXP 	Created downlefttangle = Rect(__class__=<class 'psychopy.visual.rect.Rect'>, autoDraw=False, autoLog=True, closeShape=True, color=method-wrapper(...), colorSpace='rgb', contrast=None, depth=-2.0, fillColor=array([1, 1, 1]), fillColorSpace='rgb', fillRGB=array([1, 1, 1]), interpolate=True, lineColor=array([1., 1., 1.]), lineColorSpace='rgb', lineRGB=array([1, 1, 1]), lineWidth=1.0, name='downlefttangle', opacity=1.0, ori=0.0, pos=array([-0.2, -0.2]), size=array([0.1, 0.1]), units='height', vertices=ndarray(...), win=Window(...))
12.0342 	EXP 	Created uplefttangle = Rect(__class__=<class 'psychopy.visual.rect.Rect'>, autoDraw=False, autoLog=True, closeShape=True, color=method-wrapper(...), colorSpace='rgb', contrast=None, depth=-3.0, fillColor=array([1, 1, 1]), fillColorSpace='rgb', fillRGB=array([1, 1, 1]), interpolate=True, lineColor=array([1., 1., 1.]), lineColorSpace='rgb', lineRGB=array([1, 1, 1]), lineWidth=1.0, name='uplefttangle', opacity=1.0, ori=0.0, pos=array([-0.2,  0.2]), size=array([0.1, 0.1]), units='height', vertices=ndarray(...), win=Window(...))
12.0344 	EXP 	window1: mouseVisible = True
12.0601 	EXP 	Created uprtext = TextStim(__class__=<class 'psychopy.visual.text.TextStim'>, alignHoriz=method-wrapper(...), alignText='center', alignVert=method-wrapper(...), anchorHoriz='center', anchorVert='center', antialias=True, autoLog=True, bold=False, color=array([ 1., -1., -1.]), colorSpace='rgb', contrast=1.0, depth=-5.0, flipHoriz=False, flipVert=False, font='Open Sans', fontFiles=[], height=0.1, italic=False, languageStyle='LTR', name='uprtext', opacity=1, ori=0.0, pos=array([0.2, 0.1]), rgb=UNKNOWN, text='B', units='height', win=Window(...), wrapWidth=1)
12.0637 	EXP 	Created downrtext = TextStim(__class__=<class 'psychopy.visual.text.TextStim'>, alignHoriz=method-wrapper(...), alignText='center', alignVert=method-wrapper(...), anchorHoriz='center', anchorVert='center', antialias=True, autoLog=True, bold=False, color=array([-1.        ,  0.00392157, -1.        ]), colorSpace='rgb', contrast=1.0, depth=-6.0, flipHoriz=False, flipVert=False, font='Open Sans', fontFiles=[], height=0.1, italic=False, languageStyle='LTR', name='downrtext', opacity=1, ori=0.0, pos=array([ 0.2, -0.3]), rgb=UNKNOWN, text='D', units='height', win=Window(...), wrapWidth=1)
12.0670 	EXP 	Created downltext = TextStim(__class__=<class 'psychopy.visual.text.TextStim'>, alignHoriz=method-wrapper(...), alignText='center', alignVert=method-wrapper(...), anchorHoriz='center', anchorVert='center', antialias=True, autoLog=True, bold=False, color=array([-1., -1.,  1.]), colorSpace='rgb', contrast=1.0, depth=-7.0, flipHoriz=False, flipVert=False, font='Open Sans', fontFiles=[], height=0.1, italic=False, languageStyle='LTR', name='downltext', opacity=1, ori=0.0, pos=array([-0.2, -0.3]), rgb=UNKNOWN, text='C', units='height', win=Window(...), wrapWidth=1)
12.0702 	EXP 	Created upltext = TextStim(__class__=<class 'psychopy.visual.text.TextStim'>, alignHoriz=method-wrapper(...), alignText='center', alignVert=method-wrapper(...), anchorHoriz='center', anchorVert='center', antialias=True, autoLog=True, bold=False, color=array([ 0.00392157, -1.        ,  0.00392157]), colorSpace='rgb', contrast=1.0, depth=-8.0, flipHoriz=False, flipVert=False, font='Open Sans', fontFiles=[], height=0.1, italic=False, languageStyle='LTR', name='upltext', opacity=1, ori=0.0, pos=array([-0.2,  0.1]), rgb=UNKNOWN, text='A', units='height', win=Window(...), wrapWidth=1)
12.0759 	EXP 	Created backtangle = ShapeStim(__class__=<class 'psychopy.visual.shape.ShapeStim'>, autoDraw=False, autoLog=True, closeShape=True, color=method-wrapper(...), colorSpace='rgb', contrast=None, depth=-10.0, fillColor=array([1, 1, 1]), fillColorSpace='rgb', fillRGB=array([1, 1, 1]), interpolate=True, lineColor=array([1., 1., 1.]), lineColorSpace='rgb', lineRGB=array([1, 1, 1]), lineWidth=1.0, name='backtangle', opacity=1, ori=0.0, pos=array([-0.7,  0.4]), size=array([0.1, 0.1]), units='height', vertices=ndarray(...), win=Window(...), windingRule=None)
12.1102 	EXP 	textbox: autoLog = True
12.1102 	EXP 	uprighttangle: autoDraw = True
12.1102 	EXP 	downrighttangle: autoDraw = True
12.1102 	EXP 	downlefttangle: autoDraw = True
12.1102 	EXP 	uplefttangle: autoDraw = True
12.1102 	EXP 	uprtext: autoDraw = True
12.1102 	EXP 	downrtext: autoDraw = True
12.1102 	EXP 	downltext: autoDraw = True
12.1102 	EXP 	upltext: autoDraw = True
12.1102 	EXP 	textbox: autoDraw = True
12.1102 	EXP 	backtangle: autoDraw = True
15.2276 	DATA 	Keypress: escape
15.8790 	EXP 	window1: mouseVisible = True
