0.7646 	WARNING 	We strongly recommend you activate the PTB sound engine in PsychoPy prefs as the preferred audio engine. Its timing is vastly superior. Your prefs are currently set to use ['sounddevice', 'PTB', 'pyo', 'pygame'] (in that order).
6.6511 	WARNING 	User requested fullscreen with size [1024  768], but screen is actually [1440, 900]. Using actual size
7.3735 	EXP 	Created window1 = Window(allowGUI=False, allowStencil=False, autoLog=True, backendConf=UNKNOWN, bitsMode=UNKNOWN, blendMode='avg', bpc=(8, 8, 8), color=array([0, 0, 0]), colorSpace='rgb', depthBits=8, fullscr=<method-wrapper '__getattribute__' of attributeSetter object at 0x7fcd8b2fe898>, gamma=None, gammaErrorPolicy='raise', lms=UNKNOWN, monitor=<psychopy.monitors.calibTools.Monitor object at 0x7fcd6e2a4eb8>, multiSample=False, name='window1', numSamples=2, pos=[360.0, 225.0], screen=0, size=array([2880, 1800]), stencilBits=0, stereo=False, units='height', useFBO=True, useRetina=True, viewOri=0.0, viewPos=None, viewScale=None, waitBlanking=True, winType='pyglet')
7.3740 	EXP 	window1: mouseVisible = True
7.3740 	EXP 	window1: recordFrameIntervals = False
7.5390 	EXP 	window1: recordFrameIntervals = True
7.6930 	WARNING 	t of last frame was 20.63ms (=1/48)
7.8727 	EXP 	window1: recordFrameIntervals = False
9.4160 	EXP 	Created uprighttangle = Rect(__class__=<class 'psychopy.visual.rect.Rect'>, autoDraw=False, autoLog=True, closeShape=True, color=method-wrapper(...), colorSpace='rgb', contrast=None, depth=0.0, fillColor=array([1, 1, 1]), fillColorSpace='rgb', fillRGB=array([1, 1, 1]), interpolate=True, lineColor=array([1., 1., 1.]), lineColorSpace='rgb', lineRGB=array([1, 1, 1]), lineWidth=1.0, name='uprighttangle', opacity=1.0, ori=0.0, pos=array([0.2, 0.2]), size=array([0.1, 0.1]), units='height', vertices=ndarray(...), win=Window(...))
9.4181 	EXP 	Created downrighttangle = Rect(__class__=<class 'psychopy.visual.rect.Rect'>, autoDraw=False, autoLog=True, closeShape=True, color=method-wrapper(...), colorSpace='rgb', contrast=None, depth=-1.0, fillColor=array([1, 1, 1]), fillColorSpace='rgb', fillRGB=array([1, 1, 1]), interpolate=True, lineColor=array([1., 1., 1.]), lineColorSpace='rgb', lineRGB=array([1, 1, 1]), lineWidth=1.0, name='downrighttangle', opacity=1.0, ori=0.0, pos=array([ 0.2, -0.2]), size=array([0.1, 0.1]), units='height', vertices=ndarray(...), win=Window(...))
9.4202 	EXP 	Created downlefttangle = Rect(__class__=<class 'psychopy.visual.rect.Rect'>, autoDraw=False, autoLog=True, closeShape=True, color=method-wrapper(...), colorSpace='rgb', contrast=None, depth=-2.0, fillColor=array([1, 1, 1]), fillColorSpace='rgb', fillRGB=array([1, 1, 1]), interpolate=True, lineColor=array([1., 1., 1.]), lineColorSpace='rgb', lineRGB=array([1, 1, 1]), lineWidth=1.0, name='downlefttangle', opacity=1.0, ori=0.0, pos=array([-0.2, -0.2]), size=array([0.1, 0.1]), units='height', vertices=ndarray(...), win=Window(...))
9.4223 	EXP 	Created uplefttangle = Rect(__class__=<class 'psychopy.visual.rect.Rect'>, autoDraw=False, autoLog=True, closeShape=True, color=method-wrapper(...), colorSpace='rgb', contrast=None, depth=-3.0, fillColor=array([1, 1, 1]), fillColorSpace='rgb', fillRGB=array([1, 1, 1]), interpolate=True, lineColor=array([1., 1., 1.]), lineColorSpace='rgb', lineRGB=array([1, 1, 1]), lineWidth=1.0, name='uplefttangle', opacity=1.0, ori=0.0, pos=array([-0.2,  0.2]), size=array([0.1, 0.1]), units='height', vertices=ndarray(...), win=Window(...))
9.4225 	EXP 	window1: mouseVisible = True
9.4496 	EXP 	Created uprtext = TextStim(__class__=<class 'psychopy.visual.text.TextStim'>, alignHoriz=method-wrapper(...), alignText='center', alignVert=method-wrapper(...), anchorHoriz='center', anchorVert='center', antialias=True, autoLog=True, bold=False, color=array([ 1., -1., -1.]), colorSpace='rgb', contrast=1.0, depth=-5.0, flipHoriz=False, flipVert=False, font='Open Sans', fontFiles=[], height=0.1, italic=False, languageStyle='LTR', name='uprtext', opacity=1, ori=0.0, pos=array([0.2, 0.1]), rgb=UNKNOWN, text='B', units='height', win=Window(...), wrapWidth=1)
9.4537 	EXP 	Created downrtext = TextStim(__class__=<class 'psychopy.visual.text.TextStim'>, alignHoriz=method-wrapper(...), alignText='center', alignVert=method-wrapper(...), anchorHoriz='center', anchorVert='center', antialias=True, autoLog=True, bold=False, color=array([-1.        ,  0.00392157, -1.        ]), colorSpace='rgb', contrast=1.0, depth=-6.0, flipHoriz=False, flipVert=False, font='Open Sans', fontFiles=[], height=0.1, italic=False, languageStyle='LTR', name='downrtext', opacity=1, ori=0.0, pos=array([ 0.2, -0.3]), rgb=UNKNOWN, text='D', units='height', win=Window(...), wrapWidth=1)
9.4572 	EXP 	Created downltext = TextStim(__class__=<class 'psychopy.visual.text.TextStim'>, alignHoriz=method-wrapper(...), alignText='center', alignVert=method-wrapper(...), anchorHoriz='center', anchorVert='center', antialias=True, autoLog=True, bold=False, color=array([-1., -1.,  1.]), colorSpace='rgb', contrast=1.0, depth=-7.0, flipHoriz=False, flipVert=False, font='Open Sans', fontFiles=[], height=0.1, italic=False, languageStyle='LTR', name='downltext', opacity=1, ori=0.0, pos=array([-0.2, -0.3]), rgb=UNKNOWN, text='C', units='height', win=Window(...), wrapWidth=1)
9.4602 	EXP 	Created upltext = TextStim(__class__=<class 'psychopy.visual.text.TextStim'>, alignHoriz=method-wrapper(...), alignText='center', alignVert=method-wrapper(...), anchorHoriz='center', anchorVert='center', antialias=True, autoLog=True, bold=False, color=array([ 0.00392157, -1.        ,  0.00392157]), colorSpace='rgb', contrast=1.0, depth=-8.0, flipHoriz=False, flipVert=False, font='Open Sans', fontFiles=[], height=0.1, italic=False, languageStyle='LTR', name='upltext', opacity=1, ori=0.0, pos=array([-0.2,  0.1]), rgb=UNKNOWN, text='A', units='height', win=Window(...), wrapWidth=1)
9.4885 	EXP 	uprighttangle: autoDraw = True
9.4885 	EXP 	downrighttangle: autoDraw = True
9.4885 	EXP 	downlefttangle: autoDraw = True
9.4885 	EXP 	uplefttangle: autoDraw = True
9.4885 	EXP 	uprtext: autoDraw = True
9.4885 	EXP 	downrtext: autoDraw = True
9.4885 	EXP 	downltext: autoDraw = True
9.4885 	EXP 	upltext: autoDraw = True
14.4548 	EXP 	uprighttangle: autoDraw = False
14.4910 	EXP 	uprighttangle: autoDraw = False
14.4910 	EXP 	downrighttangle: autoDraw = False
14.4910 	EXP 	downlefttangle: autoDraw = False
14.4910 	EXP 	uplefttangle: autoDraw = False
14.4910 	EXP 	uprtext: autoDraw = False
14.4910 	EXP 	downrtext: autoDraw = False
14.4910 	EXP 	downltext: autoDraw = False
14.4910 	EXP 	upltext: autoDraw = False
15.0593 	EXP 	window1: mouseVisible = True
