1.2440 	WARNING 	We strongly recommend you activate the PTB sound engine in PsychoPy prefs as the preferred audio engine. Its timing is vastly superior. Your prefs are currently set to use ['sounddevice', 'PTB', 'pyo', 'pygame'] (in that order).
6.3737 	WARNING 	User requested fullscreen with size [1280  720], but screen is actually [1440, 900]. Using actual size
8.7524 	WARNING 	Couldn't measure a consistent frame rate.
  - Is your graphics card set to sync to vertical blank?
  - Are you running other processes on your computer?

8.7529 	EXP 	Created window1 = Window(allowGUI=False, allowStencil=False, autoLog=True, backendConf=UNKNOWN, bitsMode=UNKNOWN, blendMode='avg', bpc=(8, 8, 8), color=array([0.92156863, 0.92156863, 0.7254902 ]), colorSpace='rgb', depthBits=8, fullscr=<method-wrapper '__getattribute__' of attributeSetter object at 0x7fd97d413ba8>, gamma=None, gammaErrorPolicy='raise', lms=UNKNOWN, monitor=<psychopy.monitors.calibTools.Monitor object at 0x7fd97d308cc0>, multiSample=False, name='window1', numSamples=2, pos=[360.0, 225.0], screen=0, size=array([2880, 1800]), stencilBits=0, stereo=False, units='height', useFBO=True, useRetina=True, viewOri=0.0, viewPos=None, viewScale=None, waitBlanking=True, winType='pyglet')
8.7532 	EXP 	window1: mouseVisible = True
8.7532 	EXP 	window1: recordFrameIntervals = False
8.9263 	EXP 	window1: recordFrameIntervals = True
8.9702 	WARNING 	t of last frame was 20.50ms (=1/48)
9.0168 	WARNING 	t of last frame was 27.79ms (=1/35)
9.0404 	WARNING 	t of last frame was 23.57ms (=1/42)
9.0642 	WARNING 	t of last frame was 23.82ms (=1/41)
9.1529 	WARNING 	Multiple dropped frames have occurred - I'll stop bothering you about them!
10.7950 	WARNING 	Couldn't measure a consistent frame rate.
  - Is your graphics card set to sync to vertical blank?
  - Are you running other processes on your computer?

12.4698 	EXP 	Created text_2 = TextStim(__class__=<class 'psychopy.visual.text.TextStim'>, alignHoriz=method-wrapper(...), alignText='center', alignVert=method-wrapper(...), anchorHoriz='center', anchorVert='center', antialias=True, autoLog=True, bold=False, color=array([-1., -1., -1.]), colorSpace='rgb', contrast=1.0, depth=0.0, flipHoriz=False, flipVert=False, font='Open Sans', fontFiles=[], height=0.1, italic=False, languageStyle='LTR', name='text_2', opacity=1, ori=0.0, pos=array([0., 0.]), rgb=UNKNOWN, text='Welcome to the Home Page', units='height', win=Window(...), wrapWidth=1)
12.4985 	DEPRECATION 	Couldn't find image C:/Users/email/Downloads/backspace!.png; check path? (tried: /Users/ishani/Desktop/school/neurotech/Home/C:/Users/email/Downloads/backspace!.png)
13.0344 	EXP 	window1: mouseVisible = True
