0.8795 	WARNING 	We strongly recommend you activate the PTB sound engine in PsychoPy prefs as the preferred audio engine. Its timing is vastly superior. Your prefs are currently set to use ['sounddevice', 'PTB', 'pyo', 'pygame'] (in that order).
4.9579 	WARNING 	User requested fullscreen with size [1024  768], but screen is actually [1440, 900]. Using actual size
7.8530 	WARNING 	Couldn't measure a consistent frame rate.
  - Is your graphics card set to sync to vertical blank?
  - Are you running other processes on your computer?

7.8543 	EXP 	Created window1 = Window(allowGUI=False, allowStencil=False, autoLog=True, backendConf=UNKNOWN, bitsMode=UNKNOWN, blendMode='avg', bpc=(8, 8, 8), color=array([0, 0, 0]), colorSpace='rgb', depthBits=8, fullscr=<method-wrapper '__getattribute__' of attributeSetter object at 0x7f9482eeabe0>, gamma=None, gammaErrorPolicy='raise', lms=UNKNOWN, monitor=<psychopy.monitors.calibTools.Monitor object at 0x7f949fbd5d30>, multiSample=False, name='window1', numSamples=2, pos=[360.0, 225.0], screen=0, size=array([2880, 1800]), stencilBits=0, stereo=False, units='height', useFBO=True, useRetina=True, viewOri=0.0, viewPos=None, viewScale=None, waitBlanking=True, winType='pyglet')
7.8549 	EXP 	window1: mouseVisible = True
7.8549 	EXP 	window1: recordFrameIntervals = False
8.0710 	EXP 	window1: recordFrameIntervals = True
8.1384 	WARNING 	t of last frame was 20.24ms (=1/49)
8.1707 	WARNING 	t of last frame was 32.31ms (=1/30)
8.2369 	WARNING 	t of last frame was 32.28ms (=1/30)
8.2715 	WARNING 	t of last frame was 20.30ms (=1/49)
8.3041 	WARNING 	Multiple dropped frames have occurred - I'll stop bothering you about them!
10.3205 	WARNING 	Couldn't measure a consistent frame rate.
  - Is your graphics card set to sync to vertical blank?
  - Are you running other processes on your computer?

12.0187 	EXP 	window1: mouseVisible = True
12.0263 	EXP 	window1: mouseVisible = True
12.0336 	EXP 	window1: mouseVisible = True
12.0403 	EXP 	window1: mouseVisible = True
12.0464 	EXP 	window1: mouseVisible = True
12.0525 	EXP 	window1: mouseVisible = True
12.0585 	EXP 	window1: mouseVisible = True
12.0647 	EXP 	window1: mouseVisible = True
12.0705 	EXP 	window1: mouseVisible = True
12.0761 	EXP 	window1: mouseVisible = True
12.0781 	DEPRECATION 	'1.0000, 0.9608, 0.8824' is not a valid rgb color
12.0784 	DEPRECATION 	'0.9451, 0.9451, 1.0000' is not a valid rgb color
12.0788 	DEPRECATION 	'0.9451, 0.9451, 1.0000' is not a valid rgb color
12.0791 	DEPRECATION 	'1.0000, 0.9608, 0.8824' is not a valid rgb color
12.0795 	DEPRECATION 	'0.9451, 0.9451, 1.0000' is not a valid rgb color
12.1078 	EXP 	window1: mouseVisible = True
12.1249 	EXP 	window1: mouseVisible = True
12.1594 	EXP 	Created txt1 = TextStim(__class__=<class 'psychopy.visual.text.TextStim'>, alignHoriz=method-wrapper(...), alignText='center', alignVert=method-wrapper(...), anchorHoriz='center', anchorVert='center', antialias=True, autoLog=True, bold=False, color=array([1., 1., 1.]), colorSpace='rgb', contrast=1.0, depth=0.0, flipHoriz=False, flipVert=False, font='Open Sans', fontFiles=[], height=0.1, italic=False, languageStyle='LTR', name='txt1', opacity=1, ori=0.0, pos=array([0., 0.]), rgb=UNKNOWN, text='1', units='height', win=Window(...), wrapWidth=1)
12.1629 	EXP 	Created txt2 = TextStim(__class__=<class 'psychopy.visual.text.TextStim'>, alignHoriz=method-wrapper(...), alignText='center', alignVert=method-wrapper(...), anchorHoriz='center', anchorVert='center', antialias=True, autoLog=True, bold=False, color=array([1., 1., 1.]), colorSpace='rgb', contrast=1.0, depth=0.0, flipHoriz=False, flipVert=False, font='Open Sans', fontFiles=[], height=0.1, italic=False, languageStyle='LTR', name='txt2', opacity=1, ori=0.0, pos=array([0., 0.]), rgb=UNKNOWN, text='2', units='height', win=Window(...), wrapWidth=1)
12.1661 	EXP 	Created txt3 = TextStim(__class__=<class 'psychopy.visual.text.TextStim'>, alignHoriz=method-wrapper(...), alignText='center', alignVert=method-wrapper(...), anchorHoriz='center', anchorVert='center', antialias=True, autoLog=True, bold=False, color=array([1., 1., 1.]), colorSpace='rgb', contrast=1.0, depth=0.0, flipHoriz=False, flipVert=False, font='Open Sans', fontFiles=[], height=0.1, italic=False, languageStyle='LTR', name='txt3', opacity=1, ori=0.0, pos=array([0., 0.]), rgb=UNKNOWN, text='3', units='height', win=Window(...), wrapWidth=1)
12.1693 	EXP 	Created txt4 = TextStim(__class__=<class 'psychopy.visual.text.TextStim'>, alignHoriz=method-wrapper(...), alignText='center', alignVert=method-wrapper(...), anchorHoriz='center', anchorVert='center', antialias=True, autoLog=True, bold=False, color=array([1., 1., 1.]), colorSpace='rgb', contrast=1.0, depth=0.0, flipHoriz=False, flipVert=False, font='Open Sans', fontFiles=[], height=0.1, italic=False, languageStyle='LTR', name='txt4', opacity=1, ori=0.0, pos=array([0., 0.]), rgb=UNKNOWN, text='4', units='height', win=Window(...), wrapWidth=1)
12.1727 	EXP 	Created text5 = TextStim(__class__=<class 'psychopy.visual.text.TextStim'>, alignHoriz=method-wrapper(...), alignText='center', alignVert=method-wrapper(...), anchorHoriz='center', anchorVert='center', antialias=True, autoLog=True, bold=False, color=array([1., 1., 1.]), colorSpace='rgb', contrast=1.0, depth=0.0, flipHoriz=False, flipVert=False, font='Open Sans', fontFiles=[], height=0.1, italic=False, languageStyle='LTR', name='text5', opacity=1, ori=0.0, pos=array([0., 0.]), rgb=UNKNOWN, text='5', units='height', win=Window(...), wrapWidth=1)
12.1760 	EXP 	Created text6 = TextStim(__class__=<class 'psychopy.visual.text.TextStim'>, alignHoriz=method-wrapper(...), alignText='center', alignVert=method-wrapper(...), anchorHoriz='center', anchorVert='center', antialias=True, autoLog=True, bold=False, color=array([1., 1., 1.]), colorSpace='rgb', contrast=1.0, depth=0.0, flipHoriz=False, flipVert=False, font='Open Sans', fontFiles=[], height=0.1, italic=False, languageStyle='LTR', name='text6', opacity=1, ori=0.0, pos=array([0., 0.]), rgb=UNKNOWN, text='6', units='height', win=Window(...), wrapWidth=1)
12.1791 	EXP 	Created text7 = TextStim(__class__=<class 'psychopy.visual.text.TextStim'>, alignHoriz=method-wrapper(...), alignText='center', alignVert=method-wrapper(...), anchorHoriz='center', anchorVert='center', antialias=True, autoLog=True, bold=False, color=array([1., 1., 1.]), colorSpace='rgb', contrast=1.0, depth=0.0, flipHoriz=False, flipVert=False, font='Open Sans', fontFiles=[], height=0.1, italic=False, languageStyle='LTR', name='text7', opacity=1, ori=0.0, pos=array([0., 0.]), rgb=UNKNOWN, text='7', units='height', win=Window(...), wrapWidth=1)
12.1821 	EXP 	Created text8 = TextStim(__class__=<class 'psychopy.visual.text.TextStim'>, alignHoriz=method-wrapper(...), alignText='center', alignVert=method-wrapper(...), anchorHoriz='center', anchorVert='center', antialias=True, autoLog=True, bold=False, color=array([1., 1., 1.]), colorSpace='rgb', contrast=1.0, depth=0.0, flipHoriz=False, flipVert=False, font='Open Sans', fontFiles=[], height=0.1, italic=False, languageStyle='LTR', name='text8', opacity=1, ori=0.0, pos=array([0., 0.]), rgb=UNKNOWN, text='8', units='height', win=Window(...), wrapWidth=1)
12.1854 	EXP 	Created text9 = TextStim(__class__=<class 'psychopy.visual.text.TextStim'>, alignHoriz=method-wrapper(...), alignText='center', alignVert=method-wrapper(...), anchorHoriz='center', anchorVert='center', antialias=True, autoLog=True, bold=False, color=array([1., 1., 1.]), colorSpace='rgb', contrast=1.0, depth=0.0, flipHoriz=False, flipVert=False, font='Open Sans', fontFiles=[], height=0.1, italic=False, languageStyle='LTR', name='text9', opacity=1, ori=0.0, pos=array([0., 0.]), rgb=UNKNOWN, text='9', units='height', win=Window(...), wrapWidth=1)
12.1885 	EXP 	Created text = TextStim(__class__=<class 'psychopy.visual.text.TextStim'>, alignHoriz=method-wrapper(...), alignText='center', alignVert=method-wrapper(...), anchorHoriz='center', anchorVert='center', antialias=True, autoLog=True, bold=False, color=array([1., 1., 1.]), colorSpace='rgb', contrast=1.0, depth=0.0, flipHoriz=False, flipVert=False, font='Open Sans', fontFiles=[], height=0.1, italic=False, languageStyle='LTR', name='text', opacity=1, ori=0.0, pos=array([0., 0.]), rgb=UNKNOWN, text='0', units='height', win=Window(...), wrapWidth=1)
12.3045 	EXP 	textbox: autoLog = True
12.3045 	EXP 	textbox: autoDraw = True
28.3833 	DATA 	Keypress: escape
29.0529 	EXP 	window1: mouseVisible = True
