0.9213 	WARNING 	We strongly recommend you activate the PTB sound engine in PsychoPy prefs as the preferred audio engine. Its timing is vastly superior. Your prefs are currently set to use ['sounddevice', 'PTB', 'pyo', 'pygame'] (in that order).
5.4586 	WARNING 	User requested fullscreen with size [1024  768], but screen is actually [1440, 900]. Using actual size
6.1891 	EXP 	Created window1 = Window(allowGUI=False, allowStencil=False, autoLog=True, backendConf=UNKNOWN, bitsMode=UNKNOWN, blendMode='avg', bpc=(8, 8, 8), color=array([0, 0, 0]), colorSpace='rgb', depthBits=8, fullscr=<method-wrapper '__getattribute__' of attributeSetter object at 0x7fc6edfc4a58>, gamma=None, gammaErrorPolicy='raise', lms=UNKNOWN, monitor=<psychopy.monitors.calibTools.Monitor object at 0x7fc6ed91bac8>, multiSample=False, name='window1', numSamples=2, pos=[360.0, 225.0], screen=0, size=array([2880, 1800]), stencilBits=0, stereo=False, units='height', useFBO=True, useRetina=True, viewOri=0.0, viewPos=None, viewScale=None, waitBlanking=True, winType='pyglet')
6.1895 	EXP 	window1: mouseVisible = True
6.1896 	EXP 	window1: recordFrameIntervals = False
6.3551 	EXP 	window1: recordFrameIntervals = True
6.5388 	EXP 	window1: recordFrameIntervals = False
8.1235 	EXP 	Created left_top = ShapeStim(__class__=<class 'psychopy.visual.shape.ShapeStim'>, autoDraw=False, autoLog=True, closeShape=True, color=method-wrapper(...), colorSpace='rgb', contrast=None, depth=0.0, fillColor=array([-1, -1,  1]), fillColorSpace='rgb', fillRGB=array([-1, -1,  1]), interpolate=True, lineColor=array([-1., -1., -1.]), lineColorSpace='rgb', lineRGB=array([-1, -1, -1]), lineWidth=1.0, name='left_top', opacity=1.0, ori=0.0, pos=array([-0.6,  0.2]), size=array([0.15, 0.15]), units='height', vertices=ndarray(...), win=Window(...), windingRule=None)
8.1291 	EXP 	Created middle_top = ShapeStim(__class__=<class 'psychopy.visual.shape.ShapeStim'>, autoDraw=False, autoLog=True, closeShape=True, color=method-wrapper(...), colorSpace='rgb', contrast=None, depth=-1.0, fillColor=array([ 1,  1, -1]), fillColorSpace='rgb', fillRGB=array([ 1,  1, -1]), interpolate=True, lineColor=array([-1., -1., -1.]), lineColorSpace='rgb', lineRGB=array([-1, -1, -1]), lineWidth=1.0, name='middle_top', opacity=1, ori=0.0, pos=array([0. , 0.2]), size=array([0.15, 0.15]), units='height', vertices=ndarray(...), win=Window(...), windingRule=None)
8.1347 	EXP 	Created right_top = ShapeStim(__class__=<class 'psychopy.visual.shape.ShapeStim'>, autoDraw=False, autoLog=True, closeShape=True, color=method-wrapper(...), colorSpace='rgb', contrast=None, depth=-2.0, fillColor=array([ 0.00392157, -1.        ,  0.00392157]), fillColorSpace='rgb', fillRGB=array([ 0.00392157, -1.        ,  0.00392157]), interpolate=True, lineColor=array([-1., -1., -1.]), lineColorSpace='rgb', lineRGB=array([-1, -1, -1]), lineWidth=1.0, name='right_top', opacity=1, ori=0.0, pos=array([0.6, 0.2]), size=array([0.15, 0.15]), units='height', vertices=ndarray(...), win=Window(...), windingRule=None)
8.1400 	EXP 	Created left_bottom = ShapeStim(__class__=<class 'psychopy.visual.shape.ShapeStim'>, autoDraw=False, autoLog=True, closeShape=True, color=method-wrapper(...), colorSpace='rgb', contrast=None, depth=-3.0, fillColor=array([1.        , 0.50588235, 0.59215686]), fillColorSpace='rgb', fillRGB=array([1.        , 0.50588235, 0.59215686]), interpolate=True, lineColor=array([-1., -1., -1.]), lineColorSpace='rgb', lineRGB=array([-1, -1, -1]), lineWidth=1.0, name='left_bottom', opacity=1, ori=0.0, pos=array([-0.6, -0.3]), size=array([0.15, 0.15]), units='height', vertices=ndarray(...), win=Window(...), windingRule=None)
8.1454 	EXP 	Created middle_bottom = ShapeStim(__class__=<class 'psychopy.visual.shape.ShapeStim'>, autoDraw=False, autoLog=True, closeShape=True, color=method-wrapper(...), colorSpace='rgb', contrast=None, depth=-4.0, fillColor=array([-1.        ,  0.00392157, -1.        ]), fillColorSpace='rgb', fillRGB=array([-1.        ,  0.00392157, -1.        ]), interpolate=True, lineColor=array([-1., -1., -1.]), lineColorSpace='rgb', lineRGB=array([-1, -1, -1]), lineWidth=1.0, name='middle_bottom', opacity=1, ori=0.0, pos=array([ 0. , -0.3]), size=array([0.15, 0.15]), units='height', vertices=ndarray(...), win=Window(...), windingRule=None)
8.1508 	EXP 	Created right_bottom = ShapeStim(__class__=<class 'psychopy.visual.shape.ShapeStim'>, autoDraw=False, autoLog=True, closeShape=True, color=method-wrapper(...), colorSpace='rgb', contrast=None, depth=-5.0, fillColor=array([ 1, -1, -1]), fillColorSpace='rgb', fillRGB=array([ 1, -1, -1]), interpolate=True, lineColor=array([-1., -1., -1.]), lineColorSpace='rgb', lineRGB=array([-1, -1, -1]), lineWidth=1.0, name='right_bottom', opacity=1, ori=0.0, pos=array([ 0.6, -0.3]), size=array([0.15, 0.15]), units='height', vertices=ndarray(...), win=Window(...), windingRule=None)
8.1917 	EXP 	Created a = TextStim(__class__=<class 'psychopy.visual.text.TextStim'>, alignHoriz=method-wrapper(...), alignText='center', alignVert=method-wrapper(...), anchorHoriz='center', anchorVert='center', antialias=True, autoLog=True, bold=False, color=array([-1., -1., -1.]), colorSpace='rgb', contrast=1.0, depth=-6.0, flipHoriz=False, flipVert=False, font='Open Sans', fontFiles=[], height=0.05, italic=False, languageStyle='LTR', name='a', opacity=1, ori=0.0, pos=array([-0.6 ,  0.05]), rgb=UNKNOWN, text='A', units='height', win=Window(...), wrapWidth=1)
8.1950 	EXP 	Created c = TextStim(__class__=<class 'psychopy.visual.text.TextStim'>, alignHoriz=method-wrapper(...), alignText='center', alignVert=method-wrapper(...), anchorHoriz='center', anchorVert='center', antialias=True, autoLog=True, bold=False, color=array([-1., -1., -1.]), colorSpace='rgb', contrast=1.0, depth=-7.0, flipHoriz=False, flipVert=False, font='Open Sans', fontFiles=[], height=0.05, italic=False, languageStyle='LTR', name='c', opacity=1, ori=0.0, pos=array([0.6 , 0.05]), rgb=UNKNOWN, text='C', units='height', win=Window(...), wrapWidth=1)
8.1982 	EXP 	Created d = TextStim(__class__=<class 'psychopy.visual.text.TextStim'>, alignHoriz=method-wrapper(...), alignText='center', alignVert=method-wrapper(...), anchorHoriz='center', anchorVert='center', antialias=True, autoLog=True, bold=False, color=array([-1., -1., -1.]), colorSpace='rgb', contrast=1.0, depth=-8.0, flipHoriz=False, flipVert=False, font='Open Sans', fontFiles=[], height=0.05, italic=False, languageStyle='LTR', name='d', opacity=1, ori=0.0, pos=array([-0.6 , -0.15]), rgb=UNKNOWN, text='D', units='height', win=Window(...), wrapWidth=1)
8.2021 	EXP 	Created e = TextStim(__class__=<class 'psychopy.visual.text.TextStim'>, alignHoriz=method-wrapper(...), alignText='center', alignVert=method-wrapper(...), anchorHoriz='center', anchorVert='center', antialias=True, autoLog=True, bold=False, color=array([-1., -1., -1.]), colorSpace='rgb', contrast=1.0, depth=-9.0, flipHoriz=False, flipVert=False, font='Open Sans', fontFiles=[], height=0.05, italic=False, languageStyle='LTR', name='e', opacity=1, ori=0.0, pos=array([ 0.  , -0.15]), rgb=UNKNOWN, text='E\n', units='height', win=Window(...), wrapWidth=1)
8.2052 	EXP 	Created f = TextStim(__class__=<class 'psychopy.visual.text.TextStim'>, alignHoriz=method-wrapper(...), alignText='center', alignVert=method-wrapper(...), anchorHoriz='center', anchorVert='center', antialias=True, autoLog=True, bold=False, color=array([-1., -1., -1.]), colorSpace='rgb', contrast=1.0, depth=-10.0, flipHoriz=False, flipVert=False, font='Open Sans', fontFiles=[], height=0.05, italic=False, languageStyle='LTR', name='f', opacity=1, ori=0.0, pos=array([ 0.6 , -0.15]), rgb=UNKNOWN, text='F', units='height', win=Window(...), wrapWidth=1)
8.2082 	EXP 	Created b = TextStim(__class__=<class 'psychopy.visual.text.TextStim'>, alignHoriz=method-wrapper(...), alignText='center', alignVert=method-wrapper(...), anchorHoriz='center', anchorVert='center', antialias=True, autoLog=True, bold=False, color=array([-1., -1., -1.]), colorSpace='rgb', contrast=1.0, depth=-11.0, flipHoriz=False, flipVert=False, font='Open Sans', fontFiles=[], height=0.05, italic=False, languageStyle='LTR', name='b', opacity=1, ori=0.0, pos=array([0.  , 0.05]), rgb=UNKNOWN, text='B', units='height', win=Window(...), wrapWidth=1)
8.2258 	EXP 	Created back = ShapeStim(__class__=<class 'psychopy.visual.shape.ShapeStim'>, autoDraw=False, autoLog=True, closeShape=True, color=method-wrapper(...), colorSpace='rgb', contrast=None, depth=-13.0, fillColor=array([1, 1, 1]), fillColorSpace='rgb', fillRGB=array([1, 1, 1]), interpolate=True, lineColor=array([1., 1., 1.]), lineColorSpace='rgb', lineRGB=array([1, 1, 1]), lineWidth=1.0, name='back', opacity=1, ori=0.0, pos=array([-0.6,  0.4]), size=array([0.1, 0.1]), units='height', vertices=ndarray(...), win=Window(...), windingRule=None)
8.2307 	EXP 	Created back_text = TextStim(__class__=<class 'psychopy.visual.text.TextStim'>, alignHoriz=method-wrapper(...), alignText='center', alignVert=method-wrapper(...), anchorHoriz='center', anchorVert='center', antialias=True, autoLog=True, bold=False, color=array([-1., -1., -1.]), colorSpace='rgb', contrast=1.0, depth=-14.0, flipHoriz=False, flipVert=False, font='Open Sans', fontFiles=[], height=0.05, italic=False, languageStyle='LTR', name='back_text', opacity=1, ori=0.0, pos=array([-0.6,  0.4]), rgb=UNKNOWN, text='Back', units='height', win=Window(...), wrapWidth=1)
8.2750 	EXP 	textbar: autoLog = True
8.2750 	EXP 	left_top: autoDraw = True
8.2750 	EXP 	middle_top: autoDraw = True
8.2750 	EXP 	right_top: autoDraw = True
8.2750 	EXP 	left_bottom: autoDraw = True
8.2750 	EXP 	middle_bottom: autoDraw = True
8.2750 	EXP 	right_bottom: autoDraw = True
8.2750 	EXP 	a: autoDraw = True
8.2750 	EXP 	c: autoDraw = True
8.2750 	EXP 	d: autoDraw = True
8.2750 	EXP 	e: autoDraw = True
8.2750 	EXP 	f: autoDraw = True
8.2750 	EXP 	b: autoDraw = True
8.2750 	EXP 	textbar: autoDraw = True
8.2750 	EXP 	back: autoDraw = True
8.2750 	EXP 	back_text: autoDraw = True
28.2596 	EXP 	left_top: autoDraw = False
28.2596 	EXP 	middle_top: autoDraw = False
28.2596 	EXP 	right_top: autoDraw = False
28.2596 	EXP 	left_bottom: autoDraw = False
28.2596 	EXP 	middle_bottom: autoDraw = False
28.2596 	EXP 	right_bottom: autoDraw = False
28.2596 	EXP 	a: autoDraw = False
28.2596 	EXP 	c: autoDraw = False
28.2596 	EXP 	d: autoDraw = False
28.2596 	EXP 	e: autoDraw = False
28.2596 	EXP 	f: autoDraw = False
28.2596 	EXP 	b: autoDraw = False
28.2596 	EXP 	textbar: autoDraw = False
28.2596 	EXP 	back: autoDraw = False
28.2596 	EXP 	back_text: autoDraw = False
28.8166 	EXP 	window1: mouseVisible = True
