1.0375 	WARNING 	We strongly recommend you activate the PTB sound engine in PsychoPy prefs as the preferred audio engine. Its timing is vastly superior. Your prefs are currently set to use ['sounddevice', 'PTB', 'pyo', 'pygame'] (in that order).
5.3248 	WARNING 	User requested fullscreen with size [1024  768], but screen is actually [1440, 900]. Using actual size
6.0922 	EXP 	Created window1 = Window(allowGUI=False, allowStencil=False, autoLog=True, backendConf=UNKNOWN, bitsMode=UNKNOWN, blendMode='avg', bpc=(8, 8, 8), color=array([0, 0, 0]), colorSpace='rgb', depthBits=8, fullscr=<method-wrapper '__getattribute__' of attributeSetter object at 0x7fa0d4b76b00>, gamma=None, gammaErrorPolicy='raise', lms=UNKNOWN, monitor=<psychopy.monitors.calibTools.Monitor object at 0x7fa0d44cdb70>, multiSample=False, name='window1', numSamples=2, pos=[360.0, 225.0], screen=0, size=array([2880, 1800]), stencilBits=0, stereo=False, units='height', useFBO=True, useRetina=True, viewOri=0.0, viewPos=None, viewScale=None, waitBlanking=True, winType='pyglet')
6.0926 	EXP 	window1: mouseVisible = True
6.0927 	EXP 	window1: recordFrameIntervals = False
6.2576 	EXP 	window1: recordFrameIntervals = True
6.4416 	EXP 	window1: recordFrameIntervals = False
8.2597 	EXP 	Created left_top = ShapeStim(__class__=<class 'psychopy.visual.shape.ShapeStim'>, autoDraw=False, autoLog=True, closeShape=True, color=method-wrapper(...), colorSpace='rgb', contrast=None, depth=0.0, fillColor=array([-1, -1,  1]), fillColorSpace='rgb', fillRGB=array([-1, -1,  1]), interpolate=True, lineColor=array([-1., -1., -1.]), lineColorSpace='rgb', lineRGB=array([-1, -1, -1]), lineWidth=1.0, name='left_top', opacity=1.0, ori=0.0, pos=array([-0.6,  0.2]), size=array([0.15, 0.15]), units='height', vertices=ndarray(...), win=Window(...), windingRule=None)
8.2651 	EXP 	Created middle_top = ShapeStim(__class__=<class 'psychopy.visual.shape.ShapeStim'>, autoDraw=False, autoLog=True, closeShape=True, color=method-wrapper(...), colorSpace='rgb', contrast=None, depth=-1.0, fillColor=array([ 1,  1, -1]), fillColorSpace='rgb', fillRGB=array([ 1,  1, -1]), interpolate=True, lineColor=array([-1., -1., -1.]), lineColorSpace='rgb', lineRGB=array([-1, -1, -1]), lineWidth=1.0, name='middle_top', opacity=1.0, ori=0.0, pos=array([0. , 0.2]), size=array([0.15, 0.15]), units='height', vertices=ndarray(...), win=Window(...), windingRule=None)
8.2705 	EXP 	Created right_top = ShapeStim(__class__=<class 'psychopy.visual.shape.ShapeStim'>, autoDraw=False, autoLog=True, closeShape=True, color=method-wrapper(...), colorSpace='rgb', contrast=None, depth=-2.0, fillColor=array([ 0.00392157, -1.        ,  0.00392157]), fillColorSpace='rgb', fillRGB=array([ 0.00392157, -1.        ,  0.00392157]), interpolate=True, lineColor=array([-1., -1., -1.]), lineColorSpace='rgb', lineRGB=array([-1, -1, -1]), lineWidth=1.0, name='right_top', opacity=1.0, ori=0.0, pos=array([0.6, 0.2]), size=array([0.15, 0.15]), units='height', vertices=ndarray(...), win=Window(...), windingRule=None)
8.2756 	EXP 	Created left_bottom = ShapeStim(__class__=<class 'psychopy.visual.shape.ShapeStim'>, autoDraw=False, autoLog=True, closeShape=True, color=method-wrapper(...), colorSpace='rgb', contrast=None, depth=-3.0, fillColor=array([1.        , 0.50588235, 0.59215686]), fillColorSpace='rgb', fillRGB=array([1.        , 0.50588235, 0.59215686]), interpolate=True, lineColor=array([-1., -1., -1.]), lineColorSpace='rgb', lineRGB=array([-1, -1, -1]), lineWidth=1.0, name='left_bottom', opacity=1.0, ori=0.0, pos=array([-0.6, -0.3]), size=array([0.15, 0.15]), units='height', vertices=ndarray(...), win=Window(...), windingRule=None)
8.2805 	EXP 	Created middle_bottom = ShapeStim(__class__=<class 'psychopy.visual.shape.ShapeStim'>, autoDraw=False, autoLog=True, closeShape=True, color=method-wrapper(...), colorSpace='rgb', contrast=None, depth=-4.0, fillColor=array([-1.        ,  0.00392157, -1.        ]), fillColorSpace='rgb', fillRGB=array([-1.        ,  0.00392157, -1.        ]), interpolate=True, lineColor=array([-1., -1., -1.]), lineColorSpace='rgb', lineRGB=array([-1, -1, -1]), lineWidth=1.0, name='middle_bottom', opacity=1.0, ori=0.0, pos=array([ 0. , -0.3]), size=array([0.15, 0.15]), units='height', vertices=ndarray(...), win=Window(...), windingRule=None)
8.2854 	EXP 	Created right_bottom = ShapeStim(__class__=<class 'psychopy.visual.shape.ShapeStim'>, autoDraw=False, autoLog=True, closeShape=True, color=method-wrapper(...), colorSpace='rgb', contrast=None, depth=-5.0, fillColor=array([ 1, -1, -1]), fillColorSpace='rgb', fillRGB=array([ 1, -1, -1]), interpolate=True, lineColor=array([-1., -1., -1.]), lineColorSpace='rgb', lineRGB=array([-1, -1, -1]), lineWidth=1.0, name='right_bottom', opacity=1.0, ori=0.0, pos=array([ 0.6, -0.3]), size=array([0.15, 0.15]), units='height', vertices=ndarray(...), win=Window(...), windingRule=None)
8.3305 	EXP 	Created h = TextStim(__class__=<class 'psychopy.visual.text.TextStim'>, alignHoriz=method-wrapper(...), alignText='center', alignVert=method-wrapper(...), anchorHoriz='center', anchorVert='center', antialias=True, autoLog=True, bold=False, color=array([-1., -1., -1.]), colorSpace='rgb', contrast=1.0, depth=-6.0, flipHoriz=False, flipVert=False, font='Open Sans', fontFiles=[], height=0.05, italic=False, languageStyle='LTR', name='h', opacity=1, ori=0.0, pos=array([-0.6 ,  0.05]), rgb=UNKNOWN, text='H', units='height', win=Window(...), wrapWidth=1)
8.3339 	EXP 	Created i = TextStim(__class__=<class 'psychopy.visual.text.TextStim'>, alignHoriz=method-wrapper(...), alignText='center', alignVert=method-wrapper(...), anchorHoriz='center', anchorVert='center', antialias=True, autoLog=True, bold=False, color=array([-1., -1., -1.]), colorSpace='rgb', contrast=1.0, depth=-7.0, flipHoriz=False, flipVert=False, font='Open Sans', fontFiles=[], height=0.05, italic=False, languageStyle='LTR', name='i', opacity=1, ori=0.0, pos=array([0.6 , 0.05]), rgb=UNKNOWN, text='I', units='height', win=Window(...), wrapWidth=1)
8.3371 	EXP 	Created k = TextStim(__class__=<class 'psychopy.visual.text.TextStim'>, alignHoriz=method-wrapper(...), alignText='center', alignVert=method-wrapper(...), anchorHoriz='center', anchorVert='center', antialias=True, autoLog=True, bold=False, color=array([-1., -1., -1.]), colorSpace='rgb', contrast=1.0, depth=-8.0, flipHoriz=False, flipVert=False, font='Open Sans', fontFiles=[], height=0.05, italic=False, languageStyle='LTR', name='k', opacity=1, ori=0.0, pos=array([-0.6 , -0.15]), rgb=UNKNOWN, text='K', units='height', win=Window(...), wrapWidth=1)
8.3408 	EXP 	Created l = TextStim(__class__=<class 'psychopy.visual.text.TextStim'>, alignHoriz=method-wrapper(...), alignText='center', alignVert=method-wrapper(...), anchorHoriz='center', anchorVert='center', antialias=True, autoLog=True, bold=False, color=array([-1., -1., -1.]), colorSpace='rgb', contrast=1.0, depth=-9.0, flipHoriz=False, flipVert=False, font='Open Sans', fontFiles=[], height=0.05, italic=False, languageStyle='LTR', name='l', opacity=1, ori=0.0, pos=array([ 0.  , -0.15]), rgb=UNKNOWN, text='L\n\n', units='height', win=Window(...), wrapWidth=1)
8.3438 	EXP 	Created m = TextStim(__class__=<class 'psychopy.visual.text.TextStim'>, alignHoriz=method-wrapper(...), alignText='center', alignVert=method-wrapper(...), anchorHoriz='center', anchorVert='center', antialias=True, autoLog=True, bold=False, color=array([-1., -1., -1.]), colorSpace='rgb', contrast=1.0, depth=-10.0, flipHoriz=False, flipVert=False, font='Open Sans', fontFiles=[], height=0.05, italic=False, languageStyle='LTR', name='m', opacity=1, ori=0.0, pos=array([ 0.6 , -0.15]), rgb=UNKNOWN, text='M', units='height', win=Window(...), wrapWidth=1)
8.3468 	EXP 	Created j = TextStim(__class__=<class 'psychopy.visual.text.TextStim'>, alignHoriz=method-wrapper(...), alignText='center', alignVert=method-wrapper(...), anchorHoriz='center', anchorVert='center', antialias=True, autoLog=True, bold=False, color=array([-1., -1., -1.]), colorSpace='rgb', contrast=1.0, depth=-11.0, flipHoriz=False, flipVert=False, font='Open Sans', fontFiles=[], height=0.05, italic=False, languageStyle='LTR', name='j', opacity=1, ori=0.0, pos=array([0.  , 0.05]), rgb=UNKNOWN, text='J\n', units='height', win=Window(...), wrapWidth=1)
8.3644 	EXP 	Created back = ShapeStim(__class__=<class 'psychopy.visual.shape.ShapeStim'>, autoDraw=False, autoLog=True, closeShape=True, color=method-wrapper(...), colorSpace='rgb', contrast=None, depth=-13.0, fillColor=array([1, 1, 1]), fillColorSpace='rgb', fillRGB=array([1, 1, 1]), interpolate=True, lineColor=array([1., 1., 1.]), lineColorSpace='rgb', lineRGB=array([1, 1, 1]), lineWidth=1.0, name='back', opacity=1.0, ori=0.0, pos=array([-0.6,  0.4]), size=array([0.1, 0.1]), units='height', vertices=ndarray(...), win=Window(...), windingRule=None)
8.3697 	EXP 	Created back_text = TextStim(__class__=<class 'psychopy.visual.text.TextStim'>, alignHoriz=method-wrapper(...), alignText='center', alignVert=method-wrapper(...), anchorHoriz='center', anchorVert='center', antialias=True, autoLog=True, bold=False, color=array([-1., -1., -1.]), colorSpace='rgb', contrast=1.0, depth=-14.0, flipHoriz=False, flipVert=False, font='Open Sans', fontFiles=[], height=0.05, italic=False, languageStyle='LTR', name='back_text', opacity=1, ori=0.0, pos=array([-0.6,  0.4]), rgb=UNKNOWN, text='Back', units='height', win=Window(...), wrapWidth=1)
8.4171 	EXP 	textbar: autoLog = True
8.4171 	EXP 	left_top: autoDraw = True
8.4171 	EXP 	middle_top: autoDraw = True
8.4171 	EXP 	right_top: autoDraw = True
8.4171 	EXP 	left_bottom: autoDraw = True
8.4171 	EXP 	middle_bottom: autoDraw = True
8.4171 	EXP 	right_bottom: autoDraw = True
8.4171 	EXP 	h: autoDraw = True
8.4171 	EXP 	i: autoDraw = True
8.4171 	EXP 	k: autoDraw = True
8.4171 	EXP 	l: autoDraw = True
8.4171 	EXP 	m: autoDraw = True
8.4171 	EXP 	j: autoDraw = True
8.4171 	EXP 	textbar: autoDraw = True
8.4171 	EXP 	back: autoDraw = True
8.4171 	EXP 	back_text: autoDraw = True
28.0221 	DATA 	Mouse: Left button down, pos=(573,520)
28.1899 	DATA 	Mouse:  Left button up, pos=(573,520)
28.3229 	DATA 	Mouse: Left button down, pos=(573,520)
28.3814 	EXP 	left_top: autoDraw = False
28.3814 	EXP 	middle_top: autoDraw = False
28.3814 	EXP 	right_top: autoDraw = False
28.3814 	EXP 	left_bottom: autoDraw = False
28.3814 	EXP 	middle_bottom: autoDraw = False
28.3814 	EXP 	right_bottom: autoDraw = False
28.3814 	EXP 	h: autoDraw = False
28.3814 	EXP 	i: autoDraw = False
28.3814 	EXP 	k: autoDraw = False
28.3814 	EXP 	l: autoDraw = False
28.3814 	EXP 	m: autoDraw = False
28.3814 	EXP 	j: autoDraw = False
28.3814 	EXP 	textbar: autoDraw = False
28.3814 	EXP 	back: autoDraw = False
28.3814 	EXP 	back_text: autoDraw = False
28.9346 	EXP 	window1: mouseVisible = True
0.7806 	WARNING 	We strongly recommend you activate the PTB sound engine in PsychoPy prefs as the preferred audio engine. Its timing is vastly superior. Your prefs are currently set to use ['sounddevice', 'PTB', 'pyo', 'pygame'] (in that order).
4.9785 	WARNING 	User requested fullscreen with size [1024  768], but screen is actually [1440, 900]. Using actual size
5.7226 	EXP 	Created window1 = Window(allowGUI=False, allowStencil=False, autoLog=True, backendConf=UNKNOWN, bitsMode=UNKNOWN, blendMode='avg', bpc=(8, 8, 8), color=array([0, 0, 0]), colorSpace='rgb', depthBits=8, fullscr=<method-wrapper '__getattribute__' of attributeSetter object at 0x7fb00705ab00>, gamma=None, gammaErrorPolicy='raise', lms=UNKNOWN, monitor=<psychopy.monitors.calibTools.Monitor object at 0x7fb00475aba8>, multiSample=False, name='window1', numSamples=2, pos=[360.0, 225.0], screen=0, size=array([2880, 1800]), stencilBits=0, stereo=False, units='height', useFBO=True, useRetina=True, viewOri=0.0, viewPos=None, viewScale=None, waitBlanking=True, winType='pyglet')
5.7231 	EXP 	window1: mouseVisible = True
5.7231 	EXP 	window1: recordFrameIntervals = False
5.8883 	EXP 	window1: recordFrameIntervals = True
6.0725 	EXP 	window1: recordFrameIntervals = False
7.5236 	EXP 	Created left_top = ShapeStim(__class__=<class 'psychopy.visual.shape.ShapeStim'>, autoDraw=False, autoLog=True, closeShape=True, color=method-wrapper(...), colorSpace='rgb', contrast=None, depth=0.0, fillColor=array([-1, -1,  1]), fillColorSpace='rgb', fillRGB=array([-1, -1,  1]), interpolate=True, lineColor=array([-1., -1., -1.]), lineColorSpace='rgb', lineRGB=array([-1, -1, -1]), lineWidth=1.0, name='left_top', opacity=1.0, ori=0.0, pos=array([-0.6,  0.2]), size=array([0.15, 0.15]), units='height', vertices=ndarray(...), win=Window(...), windingRule=None)
7.5288 	EXP 	Created middle_top = ShapeStim(__class__=<class 'psychopy.visual.shape.ShapeStim'>, autoDraw=False, autoLog=True, closeShape=True, color=method-wrapper(...), colorSpace='rgb', contrast=None, depth=-1.0, fillColor=array([ 1,  1, -1]), fillColorSpace='rgb', fillRGB=array([ 1,  1, -1]), interpolate=True, lineColor=array([-1., -1., -1.]), lineColorSpace='rgb', lineRGB=array([-1, -1, -1]), lineWidth=1.0, name='middle_top', opacity=1.0, ori=0.0, pos=array([0. , 0.2]), size=array([0.15, 0.15]), units='height', vertices=ndarray(...), win=Window(...), windingRule=None)
7.5340 	EXP 	Created right_top = ShapeStim(__class__=<class 'psychopy.visual.shape.ShapeStim'>, autoDraw=False, autoLog=True, closeShape=True, color=method-wrapper(...), colorSpace='rgb', contrast=None, depth=-2.0, fillColor=array([ 0.00392157, -1.        ,  0.00392157]), fillColorSpace='rgb', fillRGB=array([ 0.00392157, -1.        ,  0.00392157]), interpolate=True, lineColor=array([-1., -1., -1.]), lineColorSpace='rgb', lineRGB=array([-1, -1, -1]), lineWidth=1.0, name='right_top', opacity=1.0, ori=0.0, pos=array([0.6, 0.2]), size=array([0.15, 0.15]), units='height', vertices=ndarray(...), win=Window(...), windingRule=None)
7.5390 	EXP 	Created left_bottom = ShapeStim(__class__=<class 'psychopy.visual.shape.ShapeStim'>, autoDraw=False, autoLog=True, closeShape=True, color=method-wrapper(...), colorSpace='rgb', contrast=None, depth=-3.0, fillColor=array([1.        , 0.50588235, 0.59215686]), fillColorSpace='rgb', fillRGB=array([1.        , 0.50588235, 0.59215686]), interpolate=True, lineColor=array([-1., -1., -1.]), lineColorSpace='rgb', lineRGB=array([-1, -1, -1]), lineWidth=1.0, name='left_bottom', opacity=1.0, ori=0.0, pos=array([-0.6, -0.3]), size=array([0.15, 0.15]), units='height', vertices=ndarray(...), win=Window(...), windingRule=None)
7.5441 	EXP 	Created middle_bottom = ShapeStim(__class__=<class 'psychopy.visual.shape.ShapeStim'>, autoDraw=False, autoLog=True, closeShape=True, color=method-wrapper(...), colorSpace='rgb', contrast=None, depth=-4.0, fillColor=array([-1.        ,  0.00392157, -1.        ]), fillColorSpace='rgb', fillRGB=array([-1.        ,  0.00392157, -1.        ]), interpolate=True, lineColor=array([-1., -1., -1.]), lineColorSpace='rgb', lineRGB=array([-1, -1, -1]), lineWidth=1.0, name='middle_bottom', opacity=1.0, ori=0.0, pos=array([ 0. , -0.3]), size=array([0.15, 0.15]), units='height', vertices=ndarray(...), win=Window(...), windingRule=None)
7.5490 	EXP 	Created right_bottom = ShapeStim(__class__=<class 'psychopy.visual.shape.ShapeStim'>, autoDraw=False, autoLog=True, closeShape=True, color=method-wrapper(...), colorSpace='rgb', contrast=None, depth=-5.0, fillColor=array([ 1, -1, -1]), fillColorSpace='rgb', fillRGB=array([ 1, -1, -1]), interpolate=True, lineColor=array([-1., -1., -1.]), lineColorSpace='rgb', lineRGB=array([-1, -1, -1]), lineWidth=1.0, name='right_bottom', opacity=1.0, ori=0.0, pos=array([ 0.6, -0.3]), size=array([0.15, 0.15]), units='height', vertices=ndarray(...), win=Window(...), windingRule=None)
7.5752 	EXP 	Created h = TextStim(__class__=<class 'psychopy.visual.text.TextStim'>, alignHoriz=method-wrapper(...), alignText='center', alignVert=method-wrapper(...), anchorHoriz='center', anchorVert='center', antialias=True, autoLog=True, bold=False, color=array([-1., -1., -1.]), colorSpace='rgb', contrast=1.0, depth=-6.0, flipHoriz=False, flipVert=False, font='Open Sans', fontFiles=[], height=0.05, italic=False, languageStyle='LTR', name='h', opacity=1, ori=0.0, pos=array([-0.6 ,  0.05]), rgb=UNKNOWN, text='H', units='height', win=Window(...), wrapWidth=1)
7.5785 	EXP 	Created i = TextStim(__class__=<class 'psychopy.visual.text.TextStim'>, alignHoriz=method-wrapper(...), alignText='center', alignVert=method-wrapper(...), anchorHoriz='center', anchorVert='center', antialias=True, autoLog=True, bold=False, color=array([-1., -1., -1.]), colorSpace='rgb', contrast=1.0, depth=-7.0, flipHoriz=False, flipVert=False, font='Open Sans', fontFiles=[], height=0.05, italic=False, languageStyle='LTR', name='i', opacity=1, ori=0.0, pos=array([0.6 , 0.05]), rgb=UNKNOWN, text='I', units='height', win=Window(...), wrapWidth=1)
7.5815 	EXP 	Created k = TextStim(__class__=<class 'psychopy.visual.text.TextStim'>, alignHoriz=method-wrapper(...), alignText='center', alignVert=method-wrapper(...), anchorHoriz='center', anchorVert='center', antialias=True, autoLog=True, bold=False, color=array([-1., -1., -1.]), colorSpace='rgb', contrast=1.0, depth=-8.0, flipHoriz=False, flipVert=False, font='Open Sans', fontFiles=[], height=0.05, italic=False, languageStyle='LTR', name='k', opacity=1, ori=0.0, pos=array([-0.6 , -0.15]), rgb=UNKNOWN, text='K', units='height', win=Window(...), wrapWidth=1)
7.5854 	EXP 	Created l = TextStim(__class__=<class 'psychopy.visual.text.TextStim'>, alignHoriz=method-wrapper(...), alignText='center', alignVert=method-wrapper(...), anchorHoriz='center', anchorVert='center', antialias=True, autoLog=True, bold=False, color=array([-1., -1., -1.]), colorSpace='rgb', contrast=1.0, depth=-9.0, flipHoriz=False, flipVert=False, font='Open Sans', fontFiles=[], height=0.05, italic=False, languageStyle='LTR', name='l', opacity=1, ori=0.0, pos=array([ 0. , -0.1]), rgb=UNKNOWN, text='L\n\n', units='height', win=Window(...), wrapWidth=1)
7.5884 	EXP 	Created m = TextStim(__class__=<class 'psychopy.visual.text.TextStim'>, alignHoriz=method-wrapper(...), alignText='center', alignVert=method-wrapper(...), anchorHoriz='center', anchorVert='center', antialias=True, autoLog=True, bold=False, color=array([-1., -1., -1.]), colorSpace='rgb', contrast=1.0, depth=-10.0, flipHoriz=False, flipVert=False, font='Open Sans', fontFiles=[], height=0.05, italic=False, languageStyle='LTR', name='m', opacity=1, ori=0.0, pos=array([ 0.6 , -0.15]), rgb=UNKNOWN, text='M', units='height', win=Window(...), wrapWidth=1)
7.5914 	EXP 	Created j = TextStim(__class__=<class 'psychopy.visual.text.TextStim'>, alignHoriz=method-wrapper(...), alignText='center', alignVert=method-wrapper(...), anchorHoriz='center', anchorVert='center', antialias=True, autoLog=True, bold=False, color=array([-1., -1., -1.]), colorSpace='rgb', contrast=1.0, depth=-11.0, flipHoriz=False, flipVert=False, font='Open Sans', fontFiles=[], height=0.05, italic=False, languageStyle='LTR', name='j', opacity=1, ori=0.0, pos=array([0.  , 0.05]), rgb=UNKNOWN, text='J\n', units='height', win=Window(...), wrapWidth=1)
7.6103 	EXP 	Created back = ShapeStim(__class__=<class 'psychopy.visual.shape.ShapeStim'>, autoDraw=False, autoLog=True, closeShape=True, color=method-wrapper(...), colorSpace='rgb', contrast=None, depth=-13.0, fillColor=array([1, 1, 1]), fillColorSpace='rgb', fillRGB=array([1, 1, 1]), interpolate=True, lineColor=array([1., 1., 1.]), lineColorSpace='rgb', lineRGB=array([1, 1, 1]), lineWidth=1.0, name='back', opacity=1.0, ori=0.0, pos=array([-0.6,  0.4]), size=array([0.1, 0.1]), units='height', vertices=ndarray(...), win=Window(...), windingRule=None)
7.6160 	EXP 	Created back_text = TextStim(__class__=<class 'psychopy.visual.text.TextStim'>, alignHoriz=method-wrapper(...), alignText='center', alignVert=method-wrapper(...), anchorHoriz='center', anchorVert='center', antialias=True, autoLog=True, bold=False, color=array([-1., -1., -1.]), colorSpace='rgb', contrast=1.0, depth=-14.0, flipHoriz=False, flipVert=False, font='Open Sans', fontFiles=[], height=0.05, italic=False, languageStyle='LTR', name='back_text', opacity=1, ori=0.0, pos=array([-0.6,  0.4]), rgb=UNKNOWN, text='Back', units='height', win=Window(...), wrapWidth=1)
7.6621 	EXP 	textbar: autoLog = True
7.6621 	EXP 	left_top: autoDraw = True
7.6621 	EXP 	middle_top: autoDraw = True
7.6621 	EXP 	right_top: autoDraw = True
7.6621 	EXP 	left_bottom: autoDraw = True
7.6621 	EXP 	middle_bottom: autoDraw = True
7.6621 	EXP 	right_bottom: autoDraw = True
7.6621 	EXP 	h: autoDraw = True
7.6621 	EXP 	i: autoDraw = True
7.6621 	EXP 	k: autoDraw = True
7.6621 	EXP 	l: autoDraw = True
7.6621 	EXP 	m: autoDraw = True
7.6621 	EXP 	j: autoDraw = True
7.6621 	EXP 	textbar: autoDraw = True
7.6621 	EXP 	back: autoDraw = True
7.6621 	EXP 	back_text: autoDraw = True
15.7253 	DATA 	Keypress: escape
16.3465 	EXP 	window1: mouseVisible = True
