0.7929 	WARNING 	We strongly recommend you activate the PTB sound engine in PsychoPy prefs as the preferred audio engine. Its timing is vastly superior. Your prefs are currently set to use ['sounddevice', 'PTB', 'pyo', 'pygame'] (in that order).
27.5473 	WARNING 	User requested fullscreen with size [1024  768], but screen is actually [1440, 900]. Using actual size
28.2977 	EXP 	Created window1 = Window(allowGUI=False, allowStencil=False, autoLog=True, backendConf=UNKNOWN, bitsMode=UNKNOWN, blendMode='avg', bpc=(8, 8, 8), color=array([0, 0, 0]), colorSpace='rgb', depthBits=8, fullscr=<method-wrapper '__getattribute__' of attributeSetter object at 0x7fa6ad017be0>, gamma=None, gammaErrorPolicy='raise', lms=UNKNOWN, monitor=<psychopy.monitors.calibTools.Monitor object at 0x7fa6abfb7cf8>, multiSample=False, name='window1', numSamples=2, pos=[360.0, 225.0], screen=0, size=array([2880, 1800]), stencilBits=0, stereo=False, units='height', useFBO=True, useRetina=True, viewOri=0.0, viewPos=None, viewScale=None, waitBlanking=True, winType='pyglet')
28.2980 	EXP 	window1: mouseVisible = True
28.2981 	EXP 	window1: recordFrameIntervals = False
28.4631 	EXP 	window1: recordFrameIntervals = True
28.6471 	EXP 	window1: recordFrameIntervals = False
30.3276 	EXP 	Created left_top = ShapeStim(__class__=<class 'psychopy.visual.shape.ShapeStim'>, autoDraw=False, autoLog=True, closeShape=True, color=method-wrapper(...), colorSpace='rgb', contrast=None, depth=0.0, fillColor=array([-1, -1,  1]), fillColorSpace='rgb', fillRGB=array([-1, -1,  1]), interpolate=True, lineColor=array([-1., -1., -1.]), lineColorSpace='rgb', lineRGB=array([-1, -1, -1]), lineWidth=1.0, name='left_top', opacity=1.0, ori=0.0, pos=array([-0.6,  0.2]), size=array([0.15, 0.15]), units='height', vertices=ndarray(...), win=Window(...), windingRule=None)
30.3330 	EXP 	Created middle_top = ShapeStim(__class__=<class 'psychopy.visual.shape.ShapeStim'>, autoDraw=False, autoLog=True, closeShape=True, color=method-wrapper(...), colorSpace='rgb', contrast=None, depth=-1.0, fillColor=array([ 1,  1, -1]), fillColorSpace='rgb', fillRGB=array([ 1,  1, -1]), interpolate=True, lineColor=array([-1., -1., -1.]), lineColorSpace='rgb', lineRGB=array([-1, -1, -1]), lineWidth=1.0, name='middle_top', opacity=1.0, ori=0.0, pos=array([0. , 0.2]), size=array([0.15, 0.15]), units='height', vertices=ndarray(...), win=Window(...), windingRule=None)
30.3384 	EXP 	Created right_top = ShapeStim(__class__=<class 'psychopy.visual.shape.ShapeStim'>, autoDraw=False, autoLog=True, closeShape=True, color=method-wrapper(...), colorSpace='rgb', contrast=None, depth=-2.0, fillColor=array([ 0.00392157, -1.        ,  0.00392157]), fillColorSpace='rgb', fillRGB=array([ 0.00392157, -1.        ,  0.00392157]), interpolate=True, lineColor=array([-1., -1., -1.]), lineColorSpace='rgb', lineRGB=array([-1, -1, -1]), lineWidth=1.0, name='right_top', opacity=1.0, ori=0.0, pos=array([0.6, 0.2]), size=array([0.15, 0.15]), units='height', vertices=ndarray(...), win=Window(...), windingRule=None)
30.3434 	EXP 	Created left_bottom = ShapeStim(__class__=<class 'psychopy.visual.shape.ShapeStim'>, autoDraw=False, autoLog=True, closeShape=True, color=method-wrapper(...), colorSpace='rgb', contrast=None, depth=-3.0, fillColor=array([1.        , 0.50588235, 0.59215686]), fillColorSpace='rgb', fillRGB=array([1.        , 0.50588235, 0.59215686]), interpolate=True, lineColor=array([-1., -1., -1.]), lineColorSpace='rgb', lineRGB=array([-1, -1, -1]), lineWidth=1.0, name='left_bottom', opacity=1.0, ori=0.0, pos=array([-0.6, -0.3]), size=array([0.15, 0.15]), units='height', vertices=ndarray(...), win=Window(...), windingRule=None)
30.3485 	EXP 	Created middle_bottom = ShapeStim(__class__=<class 'psychopy.visual.shape.ShapeStim'>, autoDraw=False, autoLog=True, closeShape=True, color=method-wrapper(...), colorSpace='rgb', contrast=None, depth=-4.0, fillColor=array([-1.        ,  0.00392157, -1.        ]), fillColorSpace='rgb', fillRGB=array([-1.        ,  0.00392157, -1.        ]), interpolate=True, lineColor=array([-1., -1., -1.]), lineColorSpace='rgb', lineRGB=array([-1, -1, -1]), lineWidth=1.0, name='middle_bottom', opacity=1.0, ori=0.0, pos=array([ 0. , -0.3]), size=array([0.15, 0.15]), units='height', vertices=ndarray(...), win=Window(...), windingRule=None)
30.3534 	EXP 	Created right_bottom = ShapeStim(__class__=<class 'psychopy.visual.shape.ShapeStim'>, autoDraw=False, autoLog=True, closeShape=True, color=method-wrapper(...), colorSpace='rgb', contrast=None, depth=-5.0, fillColor=array([ 1, -1, -1]), fillColorSpace='rgb', fillRGB=array([ 1, -1, -1]), interpolate=True, lineColor=array([-1., -1., -1.]), lineColorSpace='rgb', lineRGB=array([-1, -1, -1]), lineWidth=1.0, name='right_bottom', opacity=1.0, ori=0.0, pos=array([ 0.6, -0.3]), size=array([0.15, 0.15]), units='height', vertices=ndarray(...), win=Window(...), windingRule=None)
30.4111 	EXP 	Created a_f = TextStim(__class__=<class 'psychopy.visual.text.TextStim'>, alignHoriz=method-wrapper(...), alignText='center', alignVert=method-wrapper(...), anchorHoriz='center', anchorVert='center', antialias=True, autoLog=True, bold=False, color=array([-1., -1., -1.]), colorSpace='rgb', contrast=1.0, depth=-6.0, flipHoriz=False, flipVert=False, font='Open Sans', fontFiles=[], height=0.05, italic=False, languageStyle='LTR', name='a_f', opacity=1, ori=0.0, pos=array([-0.6 ,  0.05]), rgb=UNKNOWN, text='ABC\nDEF', units='height', win=Window(...), wrapWidth=1)
30.4196 	EXP 	Created g_l = TextStim(__class__=<class 'psychopy.visual.text.TextStim'>, alignHoriz=method-wrapper(...), alignText='center', alignVert=method-wrapper(...), anchorHoriz='center', anchorVert='center', antialias=True, autoLog=True, bold=False, color=array([-1., -1., -1.]), colorSpace='rgb', contrast=1.0, depth=-7.0, flipHoriz=False, flipVert=False, font='Open Sans', fontFiles=[], height=0.05, italic=False, languageStyle='LTR', name='g_l', opacity=1, ori=0.0, pos=array([0.6 , 0.05]), rgb=UNKNOWN, text='GHI\nJKL', units='height', win=Window(...), wrapWidth=1)
30.4269 	EXP 	Created m_r = TextStim(__class__=<class 'psychopy.visual.text.TextStim'>, alignHoriz=method-wrapper(...), alignText='center', alignVert=method-wrapper(...), anchorHoriz='center', anchorVert='center', antialias=True, autoLog=True, bold=False, color=array([-1., -1., -1.]), colorSpace='rgb', contrast=1.0, depth=-8.0, flipHoriz=False, flipVert=False, font='Open Sans', fontFiles=[], height=0.05, italic=False, languageStyle='LTR', name='m_r', opacity=1, ori=0.0, pos=array([-0.6 , -0.15]), rgb=UNKNOWN, text='MNO\nPQR', units='height', win=Window(...), wrapWidth=1)
30.4314 	EXP 	Created s_w = TextStim(__class__=<class 'psychopy.visual.text.TextStim'>, alignHoriz=method-wrapper(...), alignText='center', alignVert=method-wrapper(...), anchorHoriz='center', anchorVert='center', antialias=True, autoLog=True, bold=False, color=array([-1., -1., -1.]), colorSpace='rgb', contrast=1.0, depth=-9.0, flipHoriz=False, flipVert=False, font='Open Sans', fontFiles=[], height=0.05, italic=False, languageStyle='LTR', name='s_w', opacity=1, ori=0.0, pos=array([ 0.  , -0.15]), rgb=UNKNOWN, text='STW\n\n', units='height', win=Window(...), wrapWidth=1)
30.4357 	EXP 	Created x_z = TextStim(__class__=<class 'psychopy.visual.text.TextStim'>, alignHoriz=method-wrapper(...), alignText='center', alignVert=method-wrapper(...), anchorHoriz='center', anchorVert='center', antialias=True, autoLog=True, bold=False, color=array([-1., -1., -1.]), colorSpace='rgb', contrast=1.0, depth=-10.0, flipHoriz=False, flipVert=False, font='Open Sans', fontFiles=[], height=0.05, italic=False, languageStyle='LTR', name='x_z', opacity=1, ori=0.0, pos=array([ 0.6 , -0.15]), rgb=UNKNOWN, text='XYZ', units='height', win=Window(...), wrapWidth=1)
30.4543 	EXP 	Created back = ShapeStim(__class__=<class 'psychopy.visual.shape.ShapeStim'>, autoDraw=False, autoLog=True, closeShape=True, color=method-wrapper(...), colorSpace='rgb', contrast=None, depth=-12.0, fillColor=array([1, 1, 1]), fillColorSpace='rgb', fillRGB=array([1, 1, 1]), interpolate=True, lineColor=array([1., 1., 1.]), lineColorSpace='rgb', lineRGB=array([1, 1, 1]), lineWidth=1.0, name='back', opacity=1.0, ori=0.0, pos=array([-0.6,  0.4]), size=array([0.1, 0.1]), units='height', vertices=ndarray(...), win=Window(...), windingRule=None)
30.4592 	EXP 	Created back_text = TextStim(__class__=<class 'psychopy.visual.text.TextStim'>, alignHoriz=method-wrapper(...), alignText='center', alignVert=method-wrapper(...), anchorHoriz='center', anchorVert='center', antialias=True, autoLog=True, bold=False, color=array([-1., -1., -1.]), colorSpace='rgb', contrast=1.0, depth=-13.0, flipHoriz=False, flipVert=False, font='Open Sans', fontFiles=[], height=0.05, italic=False, languageStyle='LTR', name='back_text', opacity=1, ori=0.0, pos=array([-0.6,  0.4]), rgb=UNKNOWN, text='Back', units='height', win=Window(...), wrapWidth=1)
30.5028 	EXP 	textbar: autoLog = True
30.5028 	EXP 	left_top: autoDraw = True
30.5028 	EXP 	middle_top: autoDraw = True
30.5028 	EXP 	right_top: autoDraw = True
30.5028 	EXP 	left_bottom: autoDraw = True
30.5028 	EXP 	middle_bottom: autoDraw = True
30.5028 	EXP 	right_bottom: autoDraw = True
30.5028 	EXP 	a_f: autoDraw = True
30.5028 	EXP 	g_l: autoDraw = True
30.5028 	EXP 	m_r: autoDraw = True
30.5028 	EXP 	s_w: autoDraw = True
30.5028 	EXP 	x_z: autoDraw = True
30.5028 	EXP 	textbar: autoDraw = True
30.5028 	EXP 	back: autoDraw = True
30.5028 	EXP 	back_text: autoDraw = True
35.0642 	DATA 	Keypress: escape
35.6983 	EXP 	window1: mouseVisible = True
