1.1328 	WARNING 	We strongly recommend you activate the PTB sound engine in PsychoPy prefs as the preferred audio engine. Its timing is vastly superior. Your prefs are currently set to use ['sounddevice', 'PTB', 'pyo', 'pygame'] (in that order).
8.0595 	WARNING 	User requested fullscreen with size [1024  768], but screen is actually [1440, 900]. Using actual size
8.8869 	EXP 	Created window1 = Window(allowGUI=False, allowStencil=False, autoLog=True, backendConf=UNKNOWN, bitsMode=UNKNOWN, blendMode='avg', bpc=(8, 8, 8), color=array([0, 0, 0]), colorSpace='rgb', depthBits=8, fullscr=<method-wrapper '__getattribute__' of attributeSetter object at 0x7fb9ffbddac8>, gamma=None, gammaErrorPolicy='raise', lms=UNKNOWN, monitor=<psychopy.monitors.calibTools.Monitor object at 0x7fba001aab00>, multiSample=False, name='window1', numSamples=2, pos=[360.0, 225.0], screen=0, size=array([2880, 1800]), stencilBits=0, stereo=False, units='height', useFBO=True, useRetina=True, viewOri=0.0, viewPos=None, viewScale=None, waitBlanking=True, winType='pyglet')
8.8873 	EXP 	window1: mouseVisible = True
8.8873 	EXP 	window1: recordFrameIntervals = False
9.0525 	EXP 	window1: recordFrameIntervals = True
9.2361 	EXP 	window1: recordFrameIntervals = False
10.9265 	EXP 	Created left_top = ShapeStim(__class__=<class 'psychopy.visual.shape.ShapeStim'>, autoDraw=False, autoLog=True, closeShape=True, color=method-wrapper(...), colorSpace='rgb', contrast=None, depth=0.0, fillColor=array([-1, -1,  1]), fillColorSpace='rgb', fillRGB=array([-1, -1,  1]), interpolate=True, lineColor=array([-1., -1., -1.]), lineColorSpace='rgb', lineRGB=array([-1, -1, -1]), lineWidth=1.0, name='left_top', opacity=1.0, ori=0.0, pos=array([-0.6,  0.3]), size=array([0.15, 0.15]), units='height', vertices=ndarray(...), win=Window(...), windingRule=None)
10.9318 	EXP 	Created middle_top = ShapeStim(__class__=<class 'psychopy.visual.shape.ShapeStim'>, autoDraw=False, autoLog=True, closeShape=True, color=method-wrapper(...), colorSpace='rgb', contrast=None, depth=-1.0, fillColor=array([ 1,  1, -1]), fillColorSpace='rgb', fillRGB=array([ 1,  1, -1]), interpolate=True, lineColor=array([-1., -1., -1.]), lineColorSpace='rgb', lineRGB=array([-1, -1, -1]), lineWidth=1.0, name='middle_top', opacity=1, ori=0.0, pos=array([0. , 0.3]), size=array([0.15, 0.15]), units='height', vertices=ndarray(...), win=Window(...), windingRule=None)
10.9370 	EXP 	Created right_top = ShapeStim(__class__=<class 'psychopy.visual.shape.ShapeStim'>, autoDraw=False, autoLog=True, closeShape=True, color=method-wrapper(...), colorSpace='rgb', contrast=None, depth=-2.0, fillColor=array([ 0.00392157, -1.        ,  0.00392157]), fillColorSpace='rgb', fillRGB=array([ 0.00392157, -1.        ,  0.00392157]), interpolate=True, lineColor=array([-1., -1., -1.]), lineColorSpace='rgb', lineRGB=array([-1, -1, -1]), lineWidth=1.0, name='right_top', opacity=1, ori=0.0, pos=array([0.6, 0.3]), size=array([0.15, 0.15]), units='height', vertices=ndarray(...), win=Window(...), windingRule=None)
10.9421 	EXP 	Created left_bottom = ShapeStim(__class__=<class 'psychopy.visual.shape.ShapeStim'>, autoDraw=False, autoLog=True, closeShape=True, color=method-wrapper(...), colorSpace='rgb', contrast=None, depth=-3.0, fillColor=array([1.        , 0.50588235, 0.59215686]), fillColorSpace='rgb', fillRGB=array([1.        , 0.50588235, 0.59215686]), interpolate=True, lineColor=array([-1., -1., -1.]), lineColorSpace='rgb', lineRGB=array([-1, -1, -1]), lineWidth=1.0, name='left_bottom', opacity=1, ori=0.0, pos=array([-0.6, -0.3]), size=array([0.15, 0.15]), units='height', vertices=ndarray(...), win=Window(...), windingRule=None)
10.9472 	EXP 	Created middle_bottom = ShapeStim(__class__=<class 'psychopy.visual.shape.ShapeStim'>, autoDraw=False, autoLog=True, closeShape=True, color=method-wrapper(...), colorSpace='rgb', contrast=None, depth=-4.0, fillColor=array([-1.        ,  0.00392157, -1.        ]), fillColorSpace='rgb', fillRGB=array([-1.        ,  0.00392157, -1.        ]), interpolate=True, lineColor=array([-1., -1., -1.]), lineColorSpace='rgb', lineRGB=array([-1, -1, -1]), lineWidth=1.0, name='middle_bottom', opacity=1, ori=0.0, pos=array([ 0. , -0.3]), size=array([0.15, 0.15]), units='height', vertices=ndarray(...), win=Window(...), windingRule=None)
10.9522 	EXP 	Created right_bottom = ShapeStim(__class__=<class 'psychopy.visual.shape.ShapeStim'>, autoDraw=False, autoLog=True, closeShape=True, color=method-wrapper(...), colorSpace='rgb', contrast=None, depth=-5.0, fillColor=array([ 1, -1, -1]), fillColorSpace='rgb', fillRGB=array([ 1, -1, -1]), interpolate=True, lineColor=array([-1., -1., -1.]), lineColorSpace='rgb', lineRGB=array([-1, -1, -1]), lineWidth=1.0, name='right_bottom', opacity=1, ori=0.0, pos=array([ 0.6, -0.3]), size=array([0.15, 0.15]), units='height', vertices=ndarray(...), win=Window(...), windingRule=None)
11.0084 	EXP 	Created a_f = TextStim(__class__=<class 'psychopy.visual.text.TextStim'>, alignHoriz=method-wrapper(...), alignText='center', alignVert=method-wrapper(...), anchorHoriz='center', anchorVert='center', antialias=True, autoLog=True, bold=False, color=array([-1., -1., -1.]), colorSpace='rgb', contrast=1.0, depth=-6.0, flipHoriz=False, flipVert=False, font='Open Sans', fontFiles=[], height=0.05, italic=False, languageStyle='LTR', name='a_f', opacity=1, ori=0.0, pos=array([-0.6 ,  0.15]), rgb=UNKNOWN, text='ABC\nDEF', units='height', win=Window(...), wrapWidth=1)
11.0160 	EXP 	Created g_l = TextStim(__class__=<class 'psychopy.visual.text.TextStim'>, alignHoriz=method-wrapper(...), alignText='center', alignVert=method-wrapper(...), anchorHoriz='center', anchorVert='center', antialias=True, autoLog=True, bold=False, color=array([-1., -1., -1.]), colorSpace='rgb', contrast=1.0, depth=-7.0, flipHoriz=False, flipVert=False, font='Open Sans', fontFiles=[], height=0.05, italic=False, languageStyle='LTR', name='g_l', opacity=1, ori=0.0, pos=array([0.6 , 0.15]), rgb=UNKNOWN, text='GHI\nJKL', units='height', win=Window(...), wrapWidth=1)
11.0233 	EXP 	Created m_q = TextStim(__class__=<class 'psychopy.visual.text.TextStim'>, alignHoriz=method-wrapper(...), alignText='center', alignVert=method-wrapper(...), anchorHoriz='center', anchorVert='center', antialias=True, autoLog=True, bold=False, color=array([-1., -1., -1.]), colorSpace='rgb', contrast=1.0, depth=-8.0, flipHoriz=False, flipVert=False, font='Open Sans', fontFiles=[], height=0.05, italic=False, languageStyle='LTR', name='m_q', opacity=1, ori=0.0, pos=array([-0.6 , -0.15]), rgb=UNKNOWN, text='MNO\nPRQ', units='height', win=Window(...), wrapWidth=1)
11.0297 	EXP 	Created r_w = TextStim(__class__=<class 'psychopy.visual.text.TextStim'>, alignHoriz=method-wrapper(...), alignText='center', alignVert=method-wrapper(...), anchorHoriz='center', anchorVert='center', antialias=True, autoLog=True, bold=False, color=array([-1., -1., -1.]), colorSpace='rgb', contrast=1.0, depth=-9.0, flipHoriz=False, flipVert=False, font='Open Sans', fontFiles=[], height=0.05, italic=False, languageStyle='LTR', name='r_w', opacity=1, ori=0.0, pos=array([ 0.6 , -0.15]), rgb=UNKNOWN, text='RST\nUVW', units='height', win=Window(...), wrapWidth=1)
11.0342 	EXP 	Created x_z = TextStim(__class__=<class 'psychopy.visual.text.TextStim'>, alignHoriz=method-wrapper(...), alignText='center', alignVert=method-wrapper(...), anchorHoriz='center', anchorVert='center', antialias=True, autoLog=True, bold=False, color=array([-1., -1., -1.]), colorSpace='rgb', contrast=1.0, depth=-10.0, flipHoriz=False, flipVert=False, font='Open Sans', fontFiles=[], height=0.05, italic=False, languageStyle='LTR', name='x_z', opacity=1, ori=0.0, pos=array([ 0.  , -0.15]), rgb=UNKNOWN, text='XYZ', units='height', win=Window(...), wrapWidth=1)
11.0971 	EXP 	textbar: autoLog = True
11.0971 	EXP 	left_top: autoDraw = True
11.0971 	EXP 	middle_top: autoDraw = True
11.0971 	EXP 	right_top: autoDraw = True
11.0971 	EXP 	left_bottom: autoDraw = True
11.0971 	EXP 	middle_bottom: autoDraw = True
11.0971 	EXP 	right_bottom: autoDraw = True
11.0971 	EXP 	a_f: autoDraw = True
11.0971 	EXP 	g_l: autoDraw = True
11.0971 	EXP 	m_q: autoDraw = True
11.0971 	EXP 	r_w: autoDraw = True
11.0971 	EXP 	x_z: autoDraw = True
11.0971 	EXP 	textbar: autoDraw = True
16.7218 	DATA 	Keypress: escape
17.3733 	EXP 	window1: mouseVisible = True
0.7990 	WARNING 	We strongly recommend you activate the PTB sound engine in PsychoPy prefs as the preferred audio engine. Its timing is vastly superior. Your prefs are currently set to use ['sounddevice', 'PTB', 'pyo', 'pygame'] (in that order).
5.2106 	WARNING 	User requested fullscreen with size [1024  768], but screen is actually [1440, 900]. Using actual size
5.9593 	EXP 	Created window1 = Window(allowGUI=False, allowStencil=False, autoLog=True, backendConf=UNKNOWN, bitsMode=UNKNOWN, blendMode='avg', bpc=(8, 8, 8), color=array([0, 0, 0]), colorSpace='rgb', depthBits=8, fullscr=<method-wrapper '__getattribute__' of attributeSetter object at 0x7fa68ad18ac8>, gamma=None, gammaErrorPolicy='raise', lms=UNKNOWN, monitor=<psychopy.monitors.calibTools.Monitor object at 0x7fa68ac4ab00>, multiSample=False, name='window1', numSamples=2, pos=[360.0, 225.0], screen=0, size=array([2880, 1800]), stencilBits=0, stereo=False, units='height', useFBO=True, useRetina=True, viewOri=0.0, viewPos=None, viewScale=None, waitBlanking=True, winType='pyglet')
5.9596 	EXP 	window1: mouseVisible = True
5.9596 	EXP 	window1: recordFrameIntervals = False
6.1253 	EXP 	window1: recordFrameIntervals = True
6.3083 	EXP 	window1: recordFrameIntervals = False
7.8225 	EXP 	Created left_top = ShapeStim(__class__=<class 'psychopy.visual.shape.ShapeStim'>, autoDraw=False, autoLog=True, closeShape=True, color=method-wrapper(...), colorSpace='rgb', contrast=None, depth=0.0, fillColor=array([-1, -1,  1]), fillColorSpace='rgb', fillRGB=array([-1, -1,  1]), interpolate=True, lineColor=array([-1., -1., -1.]), lineColorSpace='rgb', lineRGB=array([-1, -1, -1]), lineWidth=1.0, name='left_top', opacity=1.0, ori=0.0, pos=array([-0.6,  0.3]), size=array([0.15, 0.15]), units='height', vertices=ndarray(...), win=Window(...), windingRule=None)
7.8279 	EXP 	Created middle_top = ShapeStim(__class__=<class 'psychopy.visual.shape.ShapeStim'>, autoDraw=False, autoLog=True, closeShape=True, color=method-wrapper(...), colorSpace='rgb', contrast=None, depth=-1.0, fillColor=array([ 1,  1, -1]), fillColorSpace='rgb', fillRGB=array([ 1,  1, -1]), interpolate=True, lineColor=array([-1., -1., -1.]), lineColorSpace='rgb', lineRGB=array([-1, -1, -1]), lineWidth=1.0, name='middle_top', opacity=1, ori=0.0, pos=array([0. , 0.3]), size=array([0.15, 0.15]), units='height', vertices=ndarray(...), win=Window(...), windingRule=None)
7.8332 	EXP 	Created right_top = ShapeStim(__class__=<class 'psychopy.visual.shape.ShapeStim'>, autoDraw=False, autoLog=True, closeShape=True, color=method-wrapper(...), colorSpace='rgb', contrast=None, depth=-2.0, fillColor=array([ 0.00392157, -1.        ,  0.00392157]), fillColorSpace='rgb', fillRGB=array([ 0.00392157, -1.        ,  0.00392157]), interpolate=True, lineColor=array([-1., -1., -1.]), lineColorSpace='rgb', lineRGB=array([-1, -1, -1]), lineWidth=1.0, name='right_top', opacity=1, ori=0.0, pos=array([0.6, 0.3]), size=array([0.15, 0.15]), units='height', vertices=ndarray(...), win=Window(...), windingRule=None)
7.8382 	EXP 	Created left_bottom = ShapeStim(__class__=<class 'psychopy.visual.shape.ShapeStim'>, autoDraw=False, autoLog=True, closeShape=True, color=method-wrapper(...), colorSpace='rgb', contrast=None, depth=-3.0, fillColor=array([1.        , 0.50588235, 0.59215686]), fillColorSpace='rgb', fillRGB=array([1.        , 0.50588235, 0.59215686]), interpolate=True, lineColor=array([-1., -1., -1.]), lineColorSpace='rgb', lineRGB=array([-1, -1, -1]), lineWidth=1.0, name='left_bottom', opacity=1, ori=0.0, pos=array([-0.6, -0.3]), size=array([0.15, 0.15]), units='height', vertices=ndarray(...), win=Window(...), windingRule=None)
7.8431 	EXP 	Created middle_bottom = ShapeStim(__class__=<class 'psychopy.visual.shape.ShapeStim'>, autoDraw=False, autoLog=True, closeShape=True, color=method-wrapper(...), colorSpace='rgb', contrast=None, depth=-4.0, fillColor=array([-1.        ,  0.00392157, -1.        ]), fillColorSpace='rgb', fillRGB=array([-1.        ,  0.00392157, -1.        ]), interpolate=True, lineColor=array([-1., -1., -1.]), lineColorSpace='rgb', lineRGB=array([-1, -1, -1]), lineWidth=1.0, name='middle_bottom', opacity=1, ori=0.0, pos=array([ 0. , -0.3]), size=array([0.15, 0.15]), units='height', vertices=ndarray(...), win=Window(...), windingRule=None)
7.8479 	EXP 	Created right_bottom = ShapeStim(__class__=<class 'psychopy.visual.shape.ShapeStim'>, autoDraw=False, autoLog=True, closeShape=True, color=method-wrapper(...), colorSpace='rgb', contrast=None, depth=-5.0, fillColor=array([ 1, -1, -1]), fillColorSpace='rgb', fillRGB=array([ 1, -1, -1]), interpolate=True, lineColor=array([-1., -1., -1.]), lineColorSpace='rgb', lineRGB=array([-1, -1, -1]), lineWidth=1.0, name='right_bottom', opacity=1, ori=0.0, pos=array([ 0.6, -0.3]), size=array([0.15, 0.15]), units='height', vertices=ndarray(...), win=Window(...), windingRule=None)
7.8975 	EXP 	Created a_f = TextStim(__class__=<class 'psychopy.visual.text.TextStim'>, alignHoriz=method-wrapper(...), alignText='center', alignVert=method-wrapper(...), anchorHoriz='center', anchorVert='center', antialias=True, autoLog=True, bold=False, color=array([-1., -1., -1.]), colorSpace='rgb', contrast=1.0, depth=-6.0, flipHoriz=False, flipVert=False, font='Open Sans', fontFiles=[], height=0.05, italic=False, languageStyle='LTR', name='a_f', opacity=1, ori=0.0, pos=array([-0.6,  0.1]), rgb=UNKNOWN, text='ABC\nDEF', units='height', win=Window(...), wrapWidth=1)
7.9044 	EXP 	Created g_l = TextStim(__class__=<class 'psychopy.visual.text.TextStim'>, alignHoriz=method-wrapper(...), alignText='center', alignVert=method-wrapper(...), anchorHoriz='center', anchorVert='center', antialias=True, autoLog=True, bold=False, color=array([-1., -1., -1.]), colorSpace='rgb', contrast=1.0, depth=-7.0, flipHoriz=False, flipVert=False, font='Open Sans', fontFiles=[], height=0.05, italic=False, languageStyle='LTR', name='g_l', opacity=1, ori=0.0, pos=array([0.6 , 0.15]), rgb=UNKNOWN, text='GHI\nJKL', units='height', win=Window(...), wrapWidth=1)
7.9114 	EXP 	Created m_q = TextStim(__class__=<class 'psychopy.visual.text.TextStim'>, alignHoriz=method-wrapper(...), alignText='center', alignVert=method-wrapper(...), anchorHoriz='center', anchorVert='center', antialias=True, autoLog=True, bold=False, color=array([-1., -1., -1.]), colorSpace='rgb', contrast=1.0, depth=-8.0, flipHoriz=False, flipVert=False, font='Open Sans', fontFiles=[], height=0.05, italic=False, languageStyle='LTR', name='m_q', opacity=1, ori=0.0, pos=array([-0.6 , -0.15]), rgb=UNKNOWN, text='MNO\nPRQ', units='height', win=Window(...), wrapWidth=1)
7.9171 	EXP 	Created r_w = TextStim(__class__=<class 'psychopy.visual.text.TextStim'>, alignHoriz=method-wrapper(...), alignText='center', alignVert=method-wrapper(...), anchorHoriz='center', anchorVert='center', antialias=True, autoLog=True, bold=False, color=array([-1., -1., -1.]), colorSpace='rgb', contrast=1.0, depth=-9.0, flipHoriz=False, flipVert=False, font='Open Sans', fontFiles=[], height=0.05, italic=False, languageStyle='LTR', name='r_w', opacity=1, ori=0.0, pos=array([ 0.6 , -0.15]), rgb=UNKNOWN, text='RST\nUVW', units='height', win=Window(...), wrapWidth=1)
7.9211 	EXP 	Created x_z = TextStim(__class__=<class 'psychopy.visual.text.TextStim'>, alignHoriz=method-wrapper(...), alignText='center', alignVert=method-wrapper(...), anchorHoriz='center', anchorVert='center', antialias=True, autoLog=True, bold=False, color=array([-1., -1., -1.]), colorSpace='rgb', contrast=1.0, depth=-10.0, flipHoriz=False, flipVert=False, font='Open Sans', fontFiles=[], height=0.05, italic=False, languageStyle='LTR', name='x_z', opacity=1, ori=0.0, pos=array([ 0.  , -0.15]), rgb=UNKNOWN, text='XYZ', units='height', win=Window(...), wrapWidth=1)
7.9805 	EXP 	textbar: autoLog = True
7.9805 	EXP 	left_top: autoDraw = True
7.9805 	EXP 	middle_top: autoDraw = True
7.9805 	EXP 	right_top: autoDraw = True
7.9805 	EXP 	left_bottom: autoDraw = True
7.9805 	EXP 	middle_bottom: autoDraw = True
7.9805 	EXP 	right_bottom: autoDraw = True
7.9805 	EXP 	a_f: autoDraw = True
7.9805 	EXP 	g_l: autoDraw = True
7.9805 	EXP 	m_q: autoDraw = True
7.9805 	EXP 	r_w: autoDraw = True
7.9805 	EXP 	x_z: autoDraw = True
7.9805 	EXP 	textbar: autoDraw = True
17.1439 	DATA 	Keypress: escape
17.7307 	EXP 	window1: mouseVisible = True
