0.7825 	WARNING 	We strongly recommend you activate the PTB sound engine in PsychoPy prefs as the preferred audio engine. Its timing is vastly superior. Your prefs are currently set to use ['sounddevice', 'PTB', 'pyo', 'pygame'] (in that order).
4.9956 	WARNING 	User requested fullscreen with size [1024  768], but screen is actually [1440, 900]. Using actual size
5.7516 	EXP 	Created window1 = Window(allowGUI=False, allowStencil=False, autoLog=True, backendConf=UNKNOWN, bitsMode=UNKNOWN, blendMode='avg', bpc=(8, 8, 8), color=array([0, 0, 0]), colorSpace='rgb', depthBits=8, fullscr=<method-wrapper '__getattribute__' of attributeSetter object at 0x7f8bbbdc8ac8>, gamma=None, gammaErrorPolicy='raise', lms=UNKNOWN, monitor=<psychopy.monitors.calibTools.Monitor object at 0x7f8bba94fac8>, multiSample=False, name='window1', numSamples=2, pos=[360.0, 225.0], screen=0, size=array([2880, 1800]), stencilBits=0, stereo=False, units='height', useFBO=True, useRetina=True, viewOri=0.0, viewPos=None, viewScale=None, waitBlanking=True, winType='pyglet')
5.7520 	EXP 	window1: mouseVisible = True
5.7521 	EXP 	window1: recordFrameIntervals = False
5.9172 	EXP 	window1: recordFrameIntervals = True
6.1009 	EXP 	window1: recordFrameIntervals = False
7.6798 	EXP 	Created left_top = ShapeStim(__class__=<class 'psychopy.visual.shape.ShapeStim'>, autoDraw=False, autoLog=True, closeShape=True, color=method-wrapper(...), colorSpace='rgb', contrast=None, depth=0.0, fillColor=array([-1, -1,  1]), fillColorSpace='rgb', fillRGB=array([-1, -1,  1]), interpolate=True, lineColor=array([-1., -1., -1.]), lineColorSpace='rgb', lineRGB=array([-1, -1, -1]), lineWidth=1.0, name='left_top', opacity=1.0, ori=0.0, pos=array([-0.6,  0.2]), size=array([0.15, 0.15]), units='height', vertices=ndarray(...), win=Window(...), windingRule=None)
7.6851 	EXP 	Created middle_top = ShapeStim(__class__=<class 'psychopy.visual.shape.ShapeStim'>, autoDraw=False, autoLog=True, closeShape=True, color=method-wrapper(...), colorSpace='rgb', contrast=None, depth=-1.0, fillColor=array([ 1,  1, -1]), fillColorSpace='rgb', fillRGB=array([ 1,  1, -1]), interpolate=True, lineColor=array([-1., -1., -1.]), lineColorSpace='rgb', lineRGB=array([-1, -1, -1]), lineWidth=1.0, name='middle_top', opacity=1, ori=0.0, pos=array([0. , 0.2]), size=array([0.15, 0.15]), units='height', vertices=ndarray(...), win=Window(...), windingRule=None)
7.6905 	EXP 	Created right_top = ShapeStim(__class__=<class 'psychopy.visual.shape.ShapeStim'>, autoDraw=False, autoLog=True, closeShape=True, color=method-wrapper(...), colorSpace='rgb', contrast=None, depth=-2.0, fillColor=array([ 0.00392157, -1.        ,  0.00392157]), fillColorSpace='rgb', fillRGB=array([ 0.00392157, -1.        ,  0.00392157]), interpolate=True, lineColor=array([-1., -1., -1.]), lineColorSpace='rgb', lineRGB=array([-1, -1, -1]), lineWidth=1.0, name='right_top', opacity=1, ori=0.0, pos=array([0.6, 0.2]), size=array([0.15, 0.15]), units='height', vertices=ndarray(...), win=Window(...), windingRule=None)
7.6957 	EXP 	Created left_bottom = ShapeStim(__class__=<class 'psychopy.visual.shape.ShapeStim'>, autoDraw=False, autoLog=True, closeShape=True, color=method-wrapper(...), colorSpace='rgb', contrast=None, depth=-3.0, fillColor=array([1.        , 0.50588235, 0.59215686]), fillColorSpace='rgb', fillRGB=array([1.        , 0.50588235, 0.59215686]), interpolate=True, lineColor=array([-1., -1., -1.]), lineColorSpace='rgb', lineRGB=array([-1, -1, -1]), lineWidth=1.0, name='left_bottom', opacity=1, ori=0.0, pos=array([-0.6, -0.3]), size=array([0.15, 0.15]), units='height', vertices=ndarray(...), win=Window(...), windingRule=None)
7.7006 	EXP 	Created middle_bottom = ShapeStim(__class__=<class 'psychopy.visual.shape.ShapeStim'>, autoDraw=False, autoLog=True, closeShape=True, color=method-wrapper(...), colorSpace='rgb', contrast=None, depth=-4.0, fillColor=array([-1.        ,  0.00392157, -1.        ]), fillColorSpace='rgb', fillRGB=array([-1.        ,  0.00392157, -1.        ]), interpolate=True, lineColor=array([-1., -1., -1.]), lineColorSpace='rgb', lineRGB=array([-1, -1, -1]), lineWidth=1.0, name='middle_bottom', opacity=1, ori=0.0, pos=array([ 0. , -0.3]), size=array([0.15, 0.15]), units='height', vertices=ndarray(...), win=Window(...), windingRule=None)
7.7054 	EXP 	Created right_bottom = ShapeStim(__class__=<class 'psychopy.visual.shape.ShapeStim'>, autoDraw=False, autoLog=True, closeShape=True, color=method-wrapper(...), colorSpace='rgb', contrast=None, depth=-5.0, fillColor=array([ 1, -1, -1]), fillColorSpace='rgb', fillRGB=array([ 1, -1, -1]), interpolate=True, lineColor=array([-1., -1., -1.]), lineColorSpace='rgb', lineRGB=array([-1, -1, -1]), lineWidth=1.0, name='right_bottom', opacity=1, ori=0.0, pos=array([ 0.6, -0.3]), size=array([0.15, 0.15]), units='height', vertices=ndarray(...), win=Window(...), windingRule=None)
7.7554 	EXP 	Created a_f = TextStim(__class__=<class 'psychopy.visual.text.TextStim'>, alignHoriz=method-wrapper(...), alignText='center', alignVert=method-wrapper(...), anchorHoriz='center', anchorVert='center', antialias=True, autoLog=True, bold=False, color=array([-1., -1., -1.]), colorSpace='rgb', contrast=1.0, depth=-6.0, flipHoriz=False, flipVert=False, font='Open Sans', fontFiles=[], height=0.05, italic=False, languageStyle='LTR', name='a_f', opacity=1, ori=0.0, pos=array([-0.6 ,  0.05]), rgb=UNKNOWN, text='ABC\nDEF', units='height', win=Window(...), wrapWidth=1)
7.7626 	EXP 	Created g_l = TextStim(__class__=<class 'psychopy.visual.text.TextStim'>, alignHoriz=method-wrapper(...), alignText='center', alignVert=method-wrapper(...), anchorHoriz='center', anchorVert='center', antialias=True, autoLog=True, bold=False, color=array([-1., -1., -1.]), colorSpace='rgb', contrast=1.0, depth=-7.0, flipHoriz=False, flipVert=False, font='Open Sans', fontFiles=[], height=0.05, italic=False, languageStyle='LTR', name='g_l', opacity=1, ori=0.0, pos=array([0.6 , 0.15]), rgb=UNKNOWN, text='GHI\nJKL', units='height', win=Window(...), wrapWidth=1)
7.7696 	EXP 	Created m_q = TextStim(__class__=<class 'psychopy.visual.text.TextStim'>, alignHoriz=method-wrapper(...), alignText='center', alignVert=method-wrapper(...), anchorHoriz='center', anchorVert='center', antialias=True, autoLog=True, bold=False, color=array([-1., -1., -1.]), colorSpace='rgb', contrast=1.0, depth=-8.0, flipHoriz=False, flipVert=False, font='Open Sans', fontFiles=[], height=0.05, italic=False, languageStyle='LTR', name='m_q', opacity=1, ori=0.0, pos=array([-0.6 , -0.15]), rgb=UNKNOWN, text='MNO\nPRQ', units='height', win=Window(...), wrapWidth=1)
7.7756 	EXP 	Created r_w = TextStim(__class__=<class 'psychopy.visual.text.TextStim'>, alignHoriz=method-wrapper(...), alignText='center', alignVert=method-wrapper(...), anchorHoriz='center', anchorVert='center', antialias=True, autoLog=True, bold=False, color=array([-1., -1., -1.]), colorSpace='rgb', contrast=1.0, depth=-9.0, flipHoriz=False, flipVert=False, font='Open Sans', fontFiles=[], height=0.05, italic=False, languageStyle='LTR', name='r_w', opacity=1, ori=0.0, pos=array([ 0.6 , -0.15]), rgb=UNKNOWN, text='RST\nUVW', units='height', win=Window(...), wrapWidth=1)
7.7797 	EXP 	Created x_z = TextStim(__class__=<class 'psychopy.visual.text.TextStim'>, alignHoriz=method-wrapper(...), alignText='center', alignVert=method-wrapper(...), anchorHoriz='center', anchorVert='center', antialias=True, autoLog=True, bold=False, color=array([-1., -1., -1.]), colorSpace='rgb', contrast=1.0, depth=-10.0, flipHoriz=False, flipVert=False, font='Open Sans', fontFiles=[], height=0.05, italic=False, languageStyle='LTR', name='x_z', opacity=1, ori=0.0, pos=array([ 0.  , -0.15]), rgb=UNKNOWN, text='XYZ', units='height', win=Window(...), wrapWidth=1)
7.8496 	EXP 	textbar: autoLog = True
7.8496 	EXP 	left_top: autoDraw = True
7.8496 	EXP 	middle_top: autoDraw = True
7.8496 	EXP 	right_top: autoDraw = True
7.8496 	EXP 	left_bottom: autoDraw = True
7.8496 	EXP 	middle_bottom: autoDraw = True
7.8496 	EXP 	right_bottom: autoDraw = True
7.8496 	EXP 	a_f: autoDraw = True
7.8496 	EXP 	g_l: autoDraw = True
7.8496 	EXP 	m_q: autoDraw = True
7.8496 	EXP 	r_w: autoDraw = True
7.8496 	EXP 	x_z: autoDraw = True
7.8496 	EXP 	textbar: autoDraw = True
22.1430 	DATA 	Keypress: escape
22.7981 	EXP 	window1: mouseVisible = True
